<?xml version="1.0" encoding="UTF-8"?>
<testsuite xmlns:xsi="http://www.w3.org/2001/XMLSchema-instance" xsi:noNamespaceSchemaLocation="https://maven.apache.org/surefire/maven-surefire-plugin/xsd/surefire-test-report.xsd" name="TestSuite" time="381.311" tests="374" errors="0" skipped="0" failures="0">
  <properties>
    <property name="sun.desktop" value="windows"/>
    <property name="awt.toolkit" value="sun.awt.windows.WToolkit"/>
    <property name="file.encoding.pkg" value="sun.io"/>
    <property name="java.specification.version" value="1.8"/>
    <property name="sun.cpu.isalist" value="amd64"/>
    <property name="sun.jnu.encoding" value="Cp1252"/>
    <property name="java.class.path" value="C:\Program Files (x86)\Jenkins\workspace\QA Cinema Dev\target\test-classes;C:\Program Files (x86)\Jenkins\workspace\QA Cinema Dev\target\classes;C:\Windows\system32\config\systemprofile\.m2\repository\org\springframework\boot\spring-boot-starter-data-jpa\2.2.0.RELEASE\spring-boot-starter-data-jpa-2.2.0.RELEASE.jar;C:\Windows\system32\config\systemprofile\.m2\repository\org\springframework\boot\spring-boot-starter-aop\2.2.0.RELEASE\spring-boot-starter-aop-2.2.0.RELEASE.jar;C:\Windows\system32\config\systemprofile\.m2\repository\org\springframework\spring-aop\5.2.0.RELEASE\spring-aop-5.2.0.RELEASE.jar;C:\Windows\system32\config\systemprofile\.m2\repository\org\aspectj\aspectjweaver\1.9.4\aspectjweaver-1.9.4.jar;C:\Windows\system32\config\systemprofile\.m2\repository\org\springframework\boot\spring-boot-starter-jdbc\2.2.0.RELEASE\spring-boot-starter-jdbc-2.2.0.RELEASE.jar;C:\Windows\system32\config\systemprofile\.m2\repository\com\zaxxer\HikariCP\3.4.1\HikariCP-3.4.1.jar;C:\Windows\system32\config\systemprofile\.m2\repository\org\springframework\spring-jdbc\5.2.0.RELEASE\spring-jdbc-5.2.0.RELEASE.jar;C:\Windows\system32\config\systemprofile\.m2\repository\jakarta\activation\jakarta.activation-api\1.2.1\jakarta.activation-api-1.2.1.jar;C:\Windows\system32\config\systemprofile\.m2\repository\jakarta\persistence\jakarta.persistence-api\2.2.3\jakarta.persistence-api-2.2.3.jar;C:\Windows\system32\config\systemprofile\.m2\repository\jakarta\transaction\jakarta.transaction-api\1.3.3\jakarta.transaction-api-1.3.3.jar;C:\Windows\system32\config\systemprofile\.m2\repository\org\hibernate\hibernate-core\5.4.6.Final\hibernate-core-5.4.6.Final.jar;C:\Windows\system32\config\systemprofile\.m2\repository\org\jboss\logging\jboss-logging\3.4.1.Final\jboss-logging-3.4.1.Final.jar;C:\Windows\system32\config\systemprofile\.m2\repository\org\javassist\javassist\3.24.0-GA\javassist-3.24.0-GA.jar;C:\Windows\system32\config\systemprofile\.m2\repository\antlr\antlr\2.7.7\antlr-2.7.7.jar;C:\Windows\system32\config\systemprofile\.m2\repository\org\jboss\jandex\2.0.5.Final\jandex-2.0.5.Final.jar;C:\Windows\system32\config\systemprofile\.m2\repository\com\fasterxml\classmate\1.5.0\classmate-1.5.0.jar;C:\Windows\system32\config\systemprofile\.m2\repository\org\dom4j\dom4j\2.1.1\dom4j-2.1.1.jar;C:\Windows\system32\config\systemprofile\.m2\repository\org\hibernate\common\hibernate-commons-annotations\5.1.0.Final\hibernate-commons-annotations-5.1.0.Final.jar;C:\Windows\system32\config\systemprofile\.m2\repository\org\glassfish\jaxb\jaxb-runtime\2.3.2\jaxb-runtime-2.3.2.jar;C:\Windows\system32\config\systemprofile\.m2\repository\org\glassfish\jaxb\txw2\2.3.2\txw2-2.3.2.jar;C:\Windows\system32\config\systemprofile\.m2\repository\com\sun\istack\istack-commons-runtime\3.0.8\istack-commons-runtime-3.0.8.jar;C:\Windows\system32\config\systemprofile\.m2\repository\org\jvnet\staxex\stax-ex\1.8.1\stax-ex-1.8.1.jar;C:\Windows\system32\config\systemprofile\.m2\repository\com\sun\xml\fastinfoset\FastInfoset\1.2.16\FastInfoset-1.2.16.jar;C:\Windows\system32\config\systemprofile\.m2\repository\org\springframework\data\spring-data-jpa\2.2.0.RELEASE\spring-data-jpa-2.2.0.RELEASE.jar;C:\Windows\system32\config\systemprofile\.m2\repository\org\springframework\data\spring-data-commons\2.2.0.RELEASE\spring-data-commons-2.2.0.RELEASE.jar;C:\Windows\system32\config\systemprofile\.m2\repository\org\springframework\spring-orm\5.2.0.RELEASE\spring-orm-5.2.0.RELEASE.jar;C:\Windows\system32\config\systemprofile\.m2\repository\org\springframework\spring-context\5.2.0.RELEASE\spring-context-5.2.0.RELEASE.jar;C:\Windows\system32\config\systemprofile\.m2\repository\org\springframework\spring-tx\5.2.0.RELEASE\spring-tx-5.2.0.RELEASE.jar;C:\Windows\system32\config\systemprofile\.m2\repository\org\springframework\spring-beans\5.2.0.RELEASE\spring-beans-5.2.0.RELEASE.jar;C:\Windows\system32\config\systemprofile\.m2\repository\org\slf4j\slf4j-api\1.7.28\slf4j-api-1.7.28.jar;C:\Windows\system32\config\systemprofile\.m2\repository\org\springframework\spring-aspects\5.2.0.RELEASE\spring-aspects-5.2.0.RELEASE.jar;C:\Windows\system32\config\systemprofile\.m2\repository\com\h2database\h2\1.4.199\h2-1.4.199.jar;C:\Windows\system32\config\systemprofile\.m2\repository\org\springframework\boot\spring-boot-starter-test\2.2.0.RELEASE\spring-boot-starter-test-2.2.0.RELEASE.jar;C:\Windows\system32\config\systemprofile\.m2\repository\org\springframework\boot\spring-boot-starter\2.2.0.RELEASE\spring-boot-starter-2.2.0.RELEASE.jar;C:\Windows\system32\config\systemprofile\.m2\repository\org\springframework\boot\spring-boot\2.2.0.RELEASE\spring-boot-2.2.0.RELEASE.jar;C:\Windows\system32\config\systemprofile\.m2\repository\org\springframework\boot\spring-boot-autoconfigure\2.2.0.RELEASE\spring-boot-autoconfigure-2.2.0.RELEASE.jar;C:\Windows\system32\config\systemprofile\.m2\repository\org\springframework\boot\spring-boot-starter-logging\2.2.0.RELEASE\spring-boot-starter-logging-2.2.0.RELEASE.jar;C:\Windows\system32\config\systemprofile\.m2\repository\ch\qos\logback\logback-classic\1.2.3\logback-classic-1.2.3.jar;C:\Windows\system32\config\systemprofile\.m2\repository\ch\qos\logback\logback-core\1.2.3\logback-core-1.2.3.jar;C:\Windows\system32\config\systemprofile\.m2\repository\org\apache\logging\log4j\log4j-to-slf4j\2.12.1\log4j-to-slf4j-2.12.1.jar;C:\Windows\system32\config\systemprofile\.m2\repository\org\apache\logging\log4j\log4j-api\2.12.1\log4j-api-2.12.1.jar;C:\Windows\system32\config\systemprofile\.m2\repository\org\slf4j\jul-to-slf4j\1.7.28\jul-to-slf4j-1.7.28.jar;C:\Windows\system32\config\systemprofile\.m2\repository\org\yaml\snakeyaml\1.25\snakeyaml-1.25.jar;C:\Windows\system32\config\systemprofile\.m2\repository\org\springframework\boot\spring-boot-test\2.2.0.RELEASE\spring-boot-test-2.2.0.RELEASE.jar;C:\Windows\system32\config\systemprofile\.m2\repository\org\springframework\boot\spring-boot-test-autoconfigure\2.2.0.RELEASE\spring-boot-test-autoconfigure-2.2.0.RELEASE.jar;C:\Windows\system32\config\systemprofile\.m2\repository\com\jayway\jsonpath\json-path\2.4.0\json-path-2.4.0.jar;C:\Windows\system32\config\systemprofile\.m2\repository\net\minidev\json-smart\2.3\json-smart-2.3.jar;C:\Windows\system32\config\systemprofile\.m2\repository\net\minidev\accessors-smart\1.2\accessors-smart-1.2.jar;C:\Windows\system32\config\systemprofile\.m2\repository\org\ow2\asm\asm\5.0.4\asm-5.0.4.jar;C:\Windows\system32\config\systemprofile\.m2\repository\jakarta\xml\bind\jakarta.xml.bind-api\2.3.2\jakarta.xml.bind-api-2.3.2.jar;C:\Windows\system32\config\systemprofile\.m2\repository\org\junit\jupiter\junit-jupiter\5.5.2\junit-jupiter-5.5.2.jar;C:\Windows\system32\config\systemprofile\.m2\repository\org\junit\jupiter\junit-jupiter-api\5.5.2\junit-jupiter-api-5.5.2.jar;C:\Windows\system32\config\systemprofile\.m2\repository\org\opentest4j\opentest4j\1.2.0\opentest4j-1.2.0.jar;C:\Windows\system32\config\systemprofile\.m2\repository\org\junit\platform\junit-platform-commons\1.5.2\junit-platform-commons-1.5.2.jar;C:\Windows\system32\config\systemprofile\.m2\repository\org\junit\jupiter\junit-jupiter-params\5.5.2\junit-jupiter-params-5.5.2.jar;C:\Windows\system32\config\systemprofile\.m2\repository\org\junit\jupiter\junit-jupiter-engine\5.5.2\junit-jupiter-engine-5.5.2.jar;C:\Windows\system32\config\systemprofile\.m2\repository\org\junit\vintage\junit-vintage-engine\5.5.2\junit-vintage-engine-5.5.2.jar;C:\Windows\system32\config\systemprofile\.m2\repository\org\apiguardian\apiguardian-api\1.1.0\apiguardian-api-1.1.0.jar;C:\Windows\system32\config\systemprofile\.m2\repository\org\junit\platform\junit-platform-engine\1.5.2\junit-platform-engine-1.5.2.jar;C:\Windows\system32\config\systemprofile\.m2\repository\junit\junit\4.12\junit-4.12.jar;C:\Windows\system32\config\systemprofile\.m2\repository\org\mockito\mockito-junit-jupiter\3.1.0\mockito-junit-jupiter-3.1.0.jar;C:\Windows\system32\config\systemprofile\.m2\repository\org\assertj\assertj-core\3.13.2\assertj-core-3.13.2.jar;C:\Windows\system32\config\systemprofile\.m2\repository\org\hamcrest\hamcrest\2.1\hamcrest-2.1.jar;C:\Windows\system32\config\systemprofile\.m2\repository\org\mockito\mockito-core\3.1.0\mockito-core-3.1.0.jar;C:\Windows\system32\config\systemprofile\.m2\repository\net\bytebuddy\byte-buddy-agent\1.10.1\byte-buddy-agent-1.10.1.jar;C:\Windows\system32\config\systemprofile\.m2\repository\org\objenesis\objenesis\2.6\objenesis-2.6.jar;C:\Windows\system32\config\systemprofile\.m2\repository\org\skyscreamer\jsonassert\1.5.0\jsonassert-1.5.0.jar;C:\Windows\system32\config\systemprofile\.m2\repository\com\vaadin\external\google\android-json\0.0.20131108.vaadin1\android-json-0.0.20131108.vaadin1.jar;C:\Windows\system32\config\systemprofile\.m2\repository\org\springframework\spring-core\5.2.0.RELEASE\spring-core-5.2.0.RELEASE.jar;C:\Windows\system32\config\systemprofile\.m2\repository\org\springframework\spring-jcl\5.2.0.RELEASE\spring-jcl-5.2.0.RELEASE.jar;C:\Windows\system32\config\systemprofile\.m2\repository\org\springframework\spring-test\5.2.0.RELEASE\spring-test-5.2.0.RELEASE.jar;C:\Windows\system32\config\systemprofile\.m2\repository\org\xmlunit\xmlunit-core\2.6.3\xmlunit-core-2.6.3.jar;C:\Windows\system32\config\systemprofile\.m2\repository\org\springframework\boot\spring-boot-starter-tomcat\2.2.0.RELEASE\spring-boot-starter-tomcat-2.2.0.RELEASE.jar;C:\Windows\system32\config\systemprofile\.m2\repository\jakarta\annotation\jakarta.annotation-api\1.3.5\jakarta.annotation-api-1.3.5.jar;C:\Windows\system32\config\systemprofile\.m2\repository\org\apache\tomcat\embed\tomcat-embed-core\9.0.27\tomcat-embed-core-9.0.27.jar;C:\Windows\system32\config\systemprofile\.m2\repository\org\apache\tomcat\embed\tomcat-embed-el\9.0.27\tomcat-embed-el-9.0.27.jar;C:\Windows\system32\config\systemprofile\.m2\repository\org\apache\tomcat\embed\tomcat-embed-websocket\9.0.27\tomcat-embed-websocket-9.0.27.jar;C:\Windows\system32\config\systemprofile\.m2\repository\org\springframework\boot\spring-boot-starter-web\2.2.0.RELEASE\spring-boot-starter-web-2.2.0.RELEASE.jar;C:\Windows\system32\config\systemprofile\.m2\repository\org\springframework\boot\spring-boot-starter-json\2.2.0.RELEASE\spring-boot-starter-json-2.2.0.RELEASE.jar;C:\Windows\system32\config\systemprofile\.m2\repository\com\fasterxml\jackson\core\jackson-databind\2.10.0\jackson-databind-2.10.0.jar;C:\Windows\system32\config\systemprofile\.m2\repository\com\fasterxml\jackson\core\jackson-annotations\2.10.0\jackson-annotations-2.10.0.jar;C:\Windows\system32\config\systemprofile\.m2\repository\com\fasterxml\jackson\core\jackson-core\2.10.0\jackson-core-2.10.0.jar;C:\Windows\system32\config\systemprofile\.m2\repository\com\fasterxml\jackson\datatype\jackson-datatype-jdk8\2.10.0\jackson-datatype-jdk8-2.10.0.jar;C:\Windows\system32\config\systemprofile\.m2\repository\com\fasterxml\jackson\datatype\jackson-datatype-jsr310\2.10.0\jackson-datatype-jsr310-2.10.0.jar;C:\Windows\system32\config\systemprofile\.m2\repository\com\fasterxml\jackson\module\jackson-module-parameter-names\2.10.0\jackson-module-parameter-names-2.10.0.jar;C:\Windows\system32\config\systemprofile\.m2\repository\org\springframework\boot\spring-boot-starter-validation\2.2.0.RELEASE\spring-boot-starter-validation-2.2.0.RELEASE.jar;C:\Windows\system32\config\systemprofile\.m2\repository\jakarta\validation\jakarta.validation-api\2.0.1\jakarta.validation-api-2.0.1.jar;C:\Windows\system32\config\systemprofile\.m2\repository\org\hibernate\validator\hibernate-validator\6.0.17.Final\hibernate-validator-6.0.17.Final.jar;C:\Windows\system32\config\systemprofile\.m2\repository\org\springframework\spring-web\5.2.0.RELEASE\spring-web-5.2.0.RELEASE.jar;C:\Windows\system32\config\systemprofile\.m2\repository\org\springframework\spring-webmvc\5.2.0.RELEASE\spring-webmvc-5.2.0.RELEASE.jar;C:\Windows\system32\config\systemprofile\.m2\repository\org\springframework\spring-expression\5.2.0.RELEASE\spring-expression-5.2.0.RELEASE.jar;C:\Windows\system32\config\systemprofile\.m2\repository\org\modelmapper\modelmapper\2.3.5\modelmapper-2.3.5.jar;C:\Windows\system32\config\systemprofile\.m2\repository\com\stripe\stripe-java\7.26.0\stripe-java-7.26.0.jar;C:\Windows\system32\config\systemprofile\.m2\repository\com\google\code\gson\gson\2.8.6\gson-2.8.6.jar;C:\Windows\system32\config\systemprofile\.m2\repository\org\springframework\boot\spring-boot-starter-mail\2.2.0.RELEASE\spring-boot-starter-mail-2.2.0.RELEASE.jar;C:\Windows\system32\config\systemprofile\.m2\repository\org\springframework\spring-context-support\5.2.0.RELEASE\spring-context-support-5.2.0.RELEASE.jar;C:\Windows\system32\config\systemprofile\.m2\repository\com\sun\mail\jakarta.mail\1.6.4\jakarta.mail-1.6.4.jar;C:\Windows\system32\config\systemprofile\.m2\repository\com\sun\activation\jakarta.activation\1.2.1\jakarta.activation-1.2.1.jar;C:\Windows\system32\config\systemprofile\.m2\repository\org\seleniumhq\selenium\selenium-java\3.141.59\selenium-java-3.141.59.jar;C:\Windows\system32\config\systemprofile\.m2\repository\org\seleniumhq\selenium\selenium-api\3.141.59\selenium-api-3.141.59.jar;C:\Windows\system32\config\systemprofile\.m2\repository\org\seleniumhq\selenium\selenium-chrome-driver\3.141.59\selenium-chrome-driver-3.141.59.jar;C:\Windows\system32\config\systemprofile\.m2\repository\org\seleniumhq\selenium\selenium-edge-driver\3.141.59\selenium-edge-driver-3.141.59.jar;C:\Windows\system32\config\systemprofile\.m2\repository\org\seleniumhq\selenium\selenium-firefox-driver\3.141.59\selenium-firefox-driver-3.141.59.jar;C:\Windows\system32\config\systemprofile\.m2\repository\org\seleniumhq\selenium\selenium-ie-driver\3.141.59\selenium-ie-driver-3.141.59.jar;C:\Windows\system32\config\systemprofile\.m2\repository\org\seleniumhq\selenium\selenium-opera-driver\3.141.59\selenium-opera-driver-3.141.59.jar;C:\Windows\system32\config\systemprofile\.m2\repository\org\seleniumhq\selenium\selenium-remote-driver\3.141.59\selenium-remote-driver-3.141.59.jar;C:\Windows\system32\config\systemprofile\.m2\repository\org\seleniumhq\selenium\selenium-safari-driver\3.141.59\selenium-safari-driver-3.141.59.jar;C:\Windows\system32\config\systemprofile\.m2\repository\org\seleniumhq\selenium\selenium-support\3.141.59\selenium-support-3.141.59.jar;C:\Windows\system32\config\systemprofile\.m2\repository\net\bytebuddy\byte-buddy\1.10.1\byte-buddy-1.10.1.jar;C:\Windows\system32\config\systemprofile\.m2\repository\org\apache\commons\commons-exec\1.3\commons-exec-1.3.jar;C:\Windows\system32\config\systemprofile\.m2\repository\com\squareup\okhttp3\okhttp\3.14.4\okhttp-3.14.4.jar;C:\Windows\system32\config\systemprofile\.m2\repository\com\squareup\okio\okio\1.14.0\okio-1.14.0.jar;C:\Windows\system32\config\systemprofile\.m2\repository\com\google\guava\guava\29.0-jre\guava-29.0-jre.jar;C:\Windows\system32\config\systemprofile\.m2\repository\com\google\guava\failureaccess\1.0.1\failureaccess-1.0.1.jar;C:\Windows\system32\config\systemprofile\.m2\repository\com\google\guava\listenablefuture\9999.0-empty-to-avoid-conflict-with-guava\listenablefuture-9999.0-empty-to-avoid-conflict-with-guava.jar;C:\Windows\system32\config\systemprofile\.m2\repository\com\google\code\findbugs\jsr305\3.0.2\jsr305-3.0.2.jar;C:\Windows\system32\config\systemprofile\.m2\repository\org\checkerframework\checker-qual\2.11.1\checker-qual-2.11.1.jar;C:\Windows\system32\config\systemprofile\.m2\repository\com\google\errorprone\error_prone_annotations\2.3.4\error_prone_annotations-2.3.4.jar;C:\Windows\system32\config\systemprofile\.m2\repository\com\google\j2objc\j2objc-annotations\1.3\j2objc-annotations-1.3.jar;C:\Windows\system32\config\systemprofile\.m2\repository\com\aventstack\extentreports\3.1.5\extentreports-3.1.5.jar;C:\Windows\system32\config\systemprofile\.m2\repository\org\freemarker\freemarker\2.3.29\freemarker-2.3.29.jar;C:\Windows\system32\config\systemprofile\.m2\repository\org\mongodb\mongodb-driver\3.11.1\mongodb-driver-3.11.1.jar;C:\Windows\system32\config\systemprofile\.m2\repository\org\mongodb\bson\3.11.1\bson-3.11.1.jar;C:\Windows\system32\config\systemprofile\.m2\repository\org\mongodb\mongodb-driver-core\3.11.1\mongodb-driver-core-3.11.1.jar;C:\Windows\system32\config\systemprofile\.m2\repository\org\apache\httpcomponents\httpclient\4.5.10\httpclient-4.5.10.jar;C:\Windows\system32\config\systemprofile\.m2\repository\org\apache\httpcomponents\httpcore\4.4.12\httpcore-4.4.12.jar;C:\Windows\system32\config\systemprofile\.m2\repository\commons-codec\commons-codec\1.13\commons-codec-1.13.jar;C:\Windows\system32\config\systemprofile\.m2\repository\org\apache\httpcomponents\httpmime\4.5.10\httpmime-4.5.10.jar;C:\Windows\system32\config\systemprofile\.m2\repository\org\jsoup\jsoup\1.9.2\jsoup-1.9.2.jar;C:\Windows\system32\config\systemprofile\.m2\repository\org\testng\testng\6.14.3\testng-6.14.3.jar;C:\Windows\system32\config\systemprofile\.m2\repository\com\beust\jcommander\1.72\jcommander-1.72.jar;C:\Windows\system32\config\systemprofile\.m2\repository\org\apache-extras\beanshell\bsh\2.0b6\bsh-2.0b6.jar;"/>
    <property name="java.vm.vendor" value="Oracle Corporation"/>
    <property name="sun.arch.data.model" value="64"/>
    <property name="user.variant" value=""/>
    <property name="java.vendor.url" value="http://java.oracle.com/"/>
    <property name="user.timezone" value="Europe/London"/>
    <property name="java.vm.specification.version" value="1.8"/>
    <property name="os.name" value="Windows 10"/>
    <property name="user.country" value="GB"/>
    <property name="sun.java.launcher" value="SUN_STANDARD"/>
    <property name="sun.boot.library.path" value="C:\Program Files\Java\jdk1.8.0_241\jre\bin"/>
    <property name="sun.java.command" value="C:\Windows\TEMP\surefire2234426631560244635\surefirebooter4458611436145019527.jar C:\Windows\Temp\surefire2234426631560244635 2020-06-05T09-11-08_429-jvmRun1 surefire917095955098232226tmp surefire_03068849992504931515tmp"/>
    <property name="surefire.test.class.path" value="C:\Program Files (x86)\Jenkins\workspace\QA Cinema Dev\target\test-classes;C:\Program Files (x86)\Jenkins\workspace\QA Cinema Dev\target\classes;C:\Windows\system32\config\systemprofile\.m2\repository\org\springframework\boot\spring-boot-starter-data-jpa\2.2.0.RELEASE\spring-boot-starter-data-jpa-2.2.0.RELEASE.jar;C:\Windows\system32\config\systemprofile\.m2\repository\org\springframework\boot\spring-boot-starter-aop\2.2.0.RELEASE\spring-boot-starter-aop-2.2.0.RELEASE.jar;C:\Windows\system32\config\systemprofile\.m2\repository\org\springframework\spring-aop\5.2.0.RELEASE\spring-aop-5.2.0.RELEASE.jar;C:\Windows\system32\config\systemprofile\.m2\repository\org\aspectj\aspectjweaver\1.9.4\aspectjweaver-1.9.4.jar;C:\Windows\system32\config\systemprofile\.m2\repository\org\springframework\boot\spring-boot-starter-jdbc\2.2.0.RELEASE\spring-boot-starter-jdbc-2.2.0.RELEASE.jar;C:\Windows\system32\config\systemprofile\.m2\repository\com\zaxxer\HikariCP\3.4.1\HikariCP-3.4.1.jar;C:\Windows\system32\config\systemprofile\.m2\repository\org\springframework\spring-jdbc\5.2.0.RELEASE\spring-jdbc-5.2.0.RELEASE.jar;C:\Windows\system32\config\systemprofile\.m2\repository\jakarta\activation\jakarta.activation-api\1.2.1\jakarta.activation-api-1.2.1.jar;C:\Windows\system32\config\systemprofile\.m2\repository\jakarta\persistence\jakarta.persistence-api\2.2.3\jakarta.persistence-api-2.2.3.jar;C:\Windows\system32\config\systemprofile\.m2\repository\jakarta\transaction\jakarta.transaction-api\1.3.3\jakarta.transaction-api-1.3.3.jar;C:\Windows\system32\config\systemprofile\.m2\repository\org\hibernate\hibernate-core\5.4.6.Final\hibernate-core-5.4.6.Final.jar;C:\Windows\system32\config\systemprofile\.m2\repository\org\jboss\logging\jboss-logging\3.4.1.Final\jboss-logging-3.4.1.Final.jar;C:\Windows\system32\config\systemprofile\.m2\repository\org\javassist\javassist\3.24.0-GA\javassist-3.24.0-GA.jar;C:\Windows\system32\config\systemprofile\.m2\repository\antlr\antlr\2.7.7\antlr-2.7.7.jar;C:\Windows\system32\config\systemprofile\.m2\repository\org\jboss\jandex\2.0.5.Final\jandex-2.0.5.Final.jar;C:\Windows\system32\config\systemprofile\.m2\repository\com\fasterxml\classmate\1.5.0\classmate-1.5.0.jar;C:\Windows\system32\config\systemprofile\.m2\repository\org\dom4j\dom4j\2.1.1\dom4j-2.1.1.jar;C:\Windows\system32\config\systemprofile\.m2\repository\org\hibernate\common\hibernate-commons-annotations\5.1.0.Final\hibernate-commons-annotations-5.1.0.Final.jar;C:\Windows\system32\config\systemprofile\.m2\repository\org\glassfish\jaxb\jaxb-runtime\2.3.2\jaxb-runtime-2.3.2.jar;C:\Windows\system32\config\systemprofile\.m2\repository\org\glassfish\jaxb\txw2\2.3.2\txw2-2.3.2.jar;C:\Windows\system32\config\systemprofile\.m2\repository\com\sun\istack\istack-commons-runtime\3.0.8\istack-commons-runtime-3.0.8.jar;C:\Windows\system32\config\systemprofile\.m2\repository\org\jvnet\staxex\stax-ex\1.8.1\stax-ex-1.8.1.jar;C:\Windows\system32\config\systemprofile\.m2\repository\com\sun\xml\fastinfoset\FastInfoset\1.2.16\FastInfoset-1.2.16.jar;C:\Windows\system32\config\systemprofile\.m2\repository\org\springframework\data\spring-data-jpa\2.2.0.RELEASE\spring-data-jpa-2.2.0.RELEASE.jar;C:\Windows\system32\config\systemprofile\.m2\repository\org\springframework\data\spring-data-commons\2.2.0.RELEASE\spring-data-commons-2.2.0.RELEASE.jar;C:\Windows\system32\config\systemprofile\.m2\repository\org\springframework\spring-orm\5.2.0.RELEASE\spring-orm-5.2.0.RELEASE.jar;C:\Windows\system32\config\systemprofile\.m2\repository\org\springframework\spring-context\5.2.0.RELEASE\spring-context-5.2.0.RELEASE.jar;C:\Windows\system32\config\systemprofile\.m2\repository\org\springframework\spring-tx\5.2.0.RELEASE\spring-tx-5.2.0.RELEASE.jar;C:\Windows\system32\config\systemprofile\.m2\repository\org\springframework\spring-beans\5.2.0.RELEASE\spring-beans-5.2.0.RELEASE.jar;C:\Windows\system32\config\systemprofile\.m2\repository\org\slf4j\slf4j-api\1.7.28\slf4j-api-1.7.28.jar;C:\Windows\system32\config\systemprofile\.m2\repository\org\springframework\spring-aspects\5.2.0.RELEASE\spring-aspects-5.2.0.RELEASE.jar;C:\Windows\system32\config\systemprofile\.m2\repository\com\h2database\h2\1.4.199\h2-1.4.199.jar;C:\Windows\system32\config\systemprofile\.m2\repository\org\springframework\boot\spring-boot-starter-test\2.2.0.RELEASE\spring-boot-starter-test-2.2.0.RELEASE.jar;C:\Windows\system32\config\systemprofile\.m2\repository\org\springframework\boot\spring-boot-starter\2.2.0.RELEASE\spring-boot-starter-2.2.0.RELEASE.jar;C:\Windows\system32\config\systemprofile\.m2\repository\org\springframework\boot\spring-boot\2.2.0.RELEASE\spring-boot-2.2.0.RELEASE.jar;C:\Windows\system32\config\systemprofile\.m2\repository\org\springframework\boot\spring-boot-autoconfigure\2.2.0.RELEASE\spring-boot-autoconfigure-2.2.0.RELEASE.jar;C:\Windows\system32\config\systemprofile\.m2\repository\org\springframework\boot\spring-boot-starter-logging\2.2.0.RELEASE\spring-boot-starter-logging-2.2.0.RELEASE.jar;C:\Windows\system32\config\systemprofile\.m2\repository\ch\qos\logback\logback-classic\1.2.3\logback-classic-1.2.3.jar;C:\Windows\system32\config\systemprofile\.m2\repository\ch\qos\logback\logback-core\1.2.3\logback-core-1.2.3.jar;C:\Windows\system32\config\systemprofile\.m2\repository\org\apache\logging\log4j\log4j-to-slf4j\2.12.1\log4j-to-slf4j-2.12.1.jar;C:\Windows\system32\config\systemprofile\.m2\repository\org\apache\logging\log4j\log4j-api\2.12.1\log4j-api-2.12.1.jar;C:\Windows\system32\config\systemprofile\.m2\repository\org\slf4j\jul-to-slf4j\1.7.28\jul-to-slf4j-1.7.28.jar;C:\Windows\system32\config\systemprofile\.m2\repository\org\yaml\snakeyaml\1.25\snakeyaml-1.25.jar;C:\Windows\system32\config\systemprofile\.m2\repository\org\springframework\boot\spring-boot-test\2.2.0.RELEASE\spring-boot-test-2.2.0.RELEASE.jar;C:\Windows\system32\config\systemprofile\.m2\repository\org\springframework\boot\spring-boot-test-autoconfigure\2.2.0.RELEASE\spring-boot-test-autoconfigure-2.2.0.RELEASE.jar;C:\Windows\system32\config\systemprofile\.m2\repository\com\jayway\jsonpath\json-path\2.4.0\json-path-2.4.0.jar;C:\Windows\system32\config\systemprofile\.m2\repository\net\minidev\json-smart\2.3\json-smart-2.3.jar;C:\Windows\system32\config\systemprofile\.m2\repository\net\minidev\accessors-smart\1.2\accessors-smart-1.2.jar;C:\Windows\system32\config\systemprofile\.m2\repository\org\ow2\asm\asm\5.0.4\asm-5.0.4.jar;C:\Windows\system32\config\systemprofile\.m2\repository\jakarta\xml\bind\jakarta.xml.bind-api\2.3.2\jakarta.xml.bind-api-2.3.2.jar;C:\Windows\system32\config\systemprofile\.m2\repository\org\junit\jupiter\junit-jupiter\5.5.2\junit-jupiter-5.5.2.jar;C:\Windows\system32\config\systemprofile\.m2\repository\org\junit\jupiter\junit-jupiter-api\5.5.2\junit-jupiter-api-5.5.2.jar;C:\Windows\system32\config\systemprofile\.m2\repository\org\opentest4j\opentest4j\1.2.0\opentest4j-1.2.0.jar;C:\Windows\system32\config\systemprofile\.m2\repository\org\junit\platform\junit-platform-commons\1.5.2\junit-platform-commons-1.5.2.jar;C:\Windows\system32\config\systemprofile\.m2\repository\org\junit\jupiter\junit-jupiter-params\5.5.2\junit-jupiter-params-5.5.2.jar;C:\Windows\system32\config\systemprofile\.m2\repository\org\junit\jupiter\junit-jupiter-engine\5.5.2\junit-jupiter-engine-5.5.2.jar;C:\Windows\system32\config\systemprofile\.m2\repository\org\junit\vintage\junit-vintage-engine\5.5.2\junit-vintage-engine-5.5.2.jar;C:\Windows\system32\config\systemprofile\.m2\repository\org\apiguardian\apiguardian-api\1.1.0\apiguardian-api-1.1.0.jar;C:\Windows\system32\config\systemprofile\.m2\repository\org\junit\platform\junit-platform-engine\1.5.2\junit-platform-engine-1.5.2.jar;C:\Windows\system32\config\systemprofile\.m2\repository\junit\junit\4.12\junit-4.12.jar;C:\Windows\system32\config\systemprofile\.m2\repository\org\mockito\mockito-junit-jupiter\3.1.0\mockito-junit-jupiter-3.1.0.jar;C:\Windows\system32\config\systemprofile\.m2\repository\org\assertj\assertj-core\3.13.2\assertj-core-3.13.2.jar;C:\Windows\system32\config\systemprofile\.m2\repository\org\hamcrest\hamcrest\2.1\hamcrest-2.1.jar;C:\Windows\system32\config\systemprofile\.m2\repository\org\mockito\mockito-core\3.1.0\mockito-core-3.1.0.jar;C:\Windows\system32\config\systemprofile\.m2\repository\net\bytebuddy\byte-buddy-agent\1.10.1\byte-buddy-agent-1.10.1.jar;C:\Windows\system32\config\systemprofile\.m2\repository\org\objenesis\objenesis\2.6\objenesis-2.6.jar;C:\Windows\system32\config\systemprofile\.m2\repository\org\skyscreamer\jsonassert\1.5.0\jsonassert-1.5.0.jar;C:\Windows\system32\config\systemprofile\.m2\repository\com\vaadin\external\google\android-json\0.0.20131108.vaadin1\android-json-0.0.20131108.vaadin1.jar;C:\Windows\system32\config\systemprofile\.m2\repository\org\springframework\spring-core\5.2.0.RELEASE\spring-core-5.2.0.RELEASE.jar;C:\Windows\system32\config\systemprofile\.m2\repository\org\springframework\spring-jcl\5.2.0.RELEASE\spring-jcl-5.2.0.RELEASE.jar;C:\Windows\system32\config\systemprofile\.m2\repository\org\springframework\spring-test\5.2.0.RELEASE\spring-test-5.2.0.RELEASE.jar;C:\Windows\system32\config\systemprofile\.m2\repository\org\xmlunit\xmlunit-core\2.6.3\xmlunit-core-2.6.3.jar;C:\Windows\system32\config\systemprofile\.m2\repository\org\springframework\boot\spring-boot-starter-tomcat\2.2.0.RELEASE\spring-boot-starter-tomcat-2.2.0.RELEASE.jar;C:\Windows\system32\config\systemprofile\.m2\repository\jakarta\annotation\jakarta.annotation-api\1.3.5\jakarta.annotation-api-1.3.5.jar;C:\Windows\system32\config\systemprofile\.m2\repository\org\apache\tomcat\embed\tomcat-embed-core\9.0.27\tomcat-embed-core-9.0.27.jar;C:\Windows\system32\config\systemprofile\.m2\repository\org\apache\tomcat\embed\tomcat-embed-el\9.0.27\tomcat-embed-el-9.0.27.jar;C:\Windows\system32\config\systemprofile\.m2\repository\org\apache\tomcat\embed\tomcat-embed-websocket\9.0.27\tomcat-embed-websocket-9.0.27.jar;C:\Windows\system32\config\systemprofile\.m2\repository\org\springframework\boot\spring-boot-starter-web\2.2.0.RELEASE\spring-boot-starter-web-2.2.0.RELEASE.jar;C:\Windows\system32\config\systemprofile\.m2\repository\org\springframework\boot\spring-boot-starter-json\2.2.0.RELEASE\spring-boot-starter-json-2.2.0.RELEASE.jar;C:\Windows\system32\config\systemprofile\.m2\repository\com\fasterxml\jackson\core\jackson-databind\2.10.0\jackson-databind-2.10.0.jar;C:\Windows\system32\config\systemprofile\.m2\repository\com\fasterxml\jackson\core\jackson-annotations\2.10.0\jackson-annotations-2.10.0.jar;C:\Windows\system32\config\systemprofile\.m2\repository\com\fasterxml\jackson\core\jackson-core\2.10.0\jackson-core-2.10.0.jar;C:\Windows\system32\config\systemprofile\.m2\repository\com\fasterxml\jackson\datatype\jackson-datatype-jdk8\2.10.0\jackson-datatype-jdk8-2.10.0.jar;C:\Windows\system32\config\systemprofile\.m2\repository\com\fasterxml\jackson\datatype\jackson-datatype-jsr310\2.10.0\jackson-datatype-jsr310-2.10.0.jar;C:\Windows\system32\config\systemprofile\.m2\repository\com\fasterxml\jackson\module\jackson-module-parameter-names\2.10.0\jackson-module-parameter-names-2.10.0.jar;C:\Windows\system32\config\systemprofile\.m2\repository\org\springframework\boot\spring-boot-starter-validation\2.2.0.RELEASE\spring-boot-starter-validation-2.2.0.RELEASE.jar;C:\Windows\system32\config\systemprofile\.m2\repository\jakarta\validation\jakarta.validation-api\2.0.1\jakarta.validation-api-2.0.1.jar;C:\Windows\system32\config\systemprofile\.m2\repository\org\hibernate\validator\hibernate-validator\6.0.17.Final\hibernate-validator-6.0.17.Final.jar;C:\Windows\system32\config\systemprofile\.m2\repository\org\springframework\spring-web\5.2.0.RELEASE\spring-web-5.2.0.RELEASE.jar;C:\Windows\system32\config\systemprofile\.m2\repository\org\springframework\spring-webmvc\5.2.0.RELEASE\spring-webmvc-5.2.0.RELEASE.jar;C:\Windows\system32\config\systemprofile\.m2\repository\org\springframework\spring-expression\5.2.0.RELEASE\spring-expression-5.2.0.RELEASE.jar;C:\Windows\system32\config\systemprofile\.m2\repository\org\modelmapper\modelmapper\2.3.5\modelmapper-2.3.5.jar;C:\Windows\system32\config\systemprofile\.m2\repository\com\stripe\stripe-java\7.26.0\stripe-java-7.26.0.jar;C:\Windows\system32\config\systemprofile\.m2\repository\com\google\code\gson\gson\2.8.6\gson-2.8.6.jar;C:\Windows\system32\config\systemprofile\.m2\repository\org\springframework\boot\spring-boot-starter-mail\2.2.0.RELEASE\spring-boot-starter-mail-2.2.0.RELEASE.jar;C:\Windows\system32\config\systemprofile\.m2\repository\org\springframework\spring-context-support\5.2.0.RELEASE\spring-context-support-5.2.0.RELEASE.jar;C:\Windows\system32\config\systemprofile\.m2\repository\com\sun\mail\jakarta.mail\1.6.4\jakarta.mail-1.6.4.jar;C:\Windows\system32\config\systemprofile\.m2\repository\com\sun\activation\jakarta.activation\1.2.1\jakarta.activation-1.2.1.jar;C:\Windows\system32\config\systemprofile\.m2\repository\org\seleniumhq\selenium\selenium-java\3.141.59\selenium-java-3.141.59.jar;C:\Windows\system32\config\systemprofile\.m2\repository\org\seleniumhq\selenium\selenium-api\3.141.59\selenium-api-3.141.59.jar;C:\Windows\system32\config\systemprofile\.m2\repository\org\seleniumhq\selenium\selenium-chrome-driver\3.141.59\selenium-chrome-driver-3.141.59.jar;C:\Windows\system32\config\systemprofile\.m2\repository\org\seleniumhq\selenium\selenium-edge-driver\3.141.59\selenium-edge-driver-3.141.59.jar;C:\Windows\system32\config\systemprofile\.m2\repository\org\seleniumhq\selenium\selenium-firefox-driver\3.141.59\selenium-firefox-driver-3.141.59.jar;C:\Windows\system32\config\systemprofile\.m2\repository\org\seleniumhq\selenium\selenium-ie-driver\3.141.59\selenium-ie-driver-3.141.59.jar;C:\Windows\system32\config\systemprofile\.m2\repository\org\seleniumhq\selenium\selenium-opera-driver\3.141.59\selenium-opera-driver-3.141.59.jar;C:\Windows\system32\config\systemprofile\.m2\repository\org\seleniumhq\selenium\selenium-remote-driver\3.141.59\selenium-remote-driver-3.141.59.jar;C:\Windows\system32\config\systemprofile\.m2\repository\org\seleniumhq\selenium\selenium-safari-driver\3.141.59\selenium-safari-driver-3.141.59.jar;C:\Windows\system32\config\systemprofile\.m2\repository\org\seleniumhq\selenium\selenium-support\3.141.59\selenium-support-3.141.59.jar;C:\Windows\system32\config\systemprofile\.m2\repository\net\bytebuddy\byte-buddy\1.10.1\byte-buddy-1.10.1.jar;C:\Windows\system32\config\systemprofile\.m2\repository\org\apache\commons\commons-exec\1.3\commons-exec-1.3.jar;C:\Windows\system32\config\systemprofile\.m2\repository\com\squareup\okhttp3\okhttp\3.14.4\okhttp-3.14.4.jar;C:\Windows\system32\config\systemprofile\.m2\repository\com\squareup\okio\okio\1.14.0\okio-1.14.0.jar;C:\Windows\system32\config\systemprofile\.m2\repository\com\google\guava\guava\29.0-jre\guava-29.0-jre.jar;C:\Windows\system32\config\systemprofile\.m2\repository\com\google\guava\failureaccess\1.0.1\failureaccess-1.0.1.jar;C:\Windows\system32\config\systemprofile\.m2\repository\com\google\guava\listenablefuture\9999.0-empty-to-avoid-conflict-with-guava\listenablefuture-9999.0-empty-to-avoid-conflict-with-guava.jar;C:\Windows\system32\config\systemprofile\.m2\repository\com\google\code\findbugs\jsr305\3.0.2\jsr305-3.0.2.jar;C:\Windows\system32\config\systemprofile\.m2\repository\org\checkerframework\checker-qual\2.11.1\checker-qual-2.11.1.jar;C:\Windows\system32\config\systemprofile\.m2\repository\com\google\errorprone\error_prone_annotations\2.3.4\error_prone_annotations-2.3.4.jar;C:\Windows\system32\config\systemprofile\.m2\repository\com\google\j2objc\j2objc-annotations\1.3\j2objc-annotations-1.3.jar;C:\Windows\system32\config\systemprofile\.m2\repository\com\aventstack\extentreports\3.1.5\extentreports-3.1.5.jar;C:\Windows\system32\config\systemprofile\.m2\repository\org\freemarker\freemarker\2.3.29\freemarker-2.3.29.jar;C:\Windows\system32\config\systemprofile\.m2\repository\org\mongodb\mongodb-driver\3.11.1\mongodb-driver-3.11.1.jar;C:\Windows\system32\config\systemprofile\.m2\repository\org\mongodb\bson\3.11.1\bson-3.11.1.jar;C:\Windows\system32\config\systemprofile\.m2\repository\org\mongodb\mongodb-driver-core\3.11.1\mongodb-driver-core-3.11.1.jar;C:\Windows\system32\config\systemprofile\.m2\repository\org\apache\httpcomponents\httpclient\4.5.10\httpclient-4.5.10.jar;C:\Windows\system32\config\systemprofile\.m2\repository\org\apache\httpcomponents\httpcore\4.4.12\httpcore-4.4.12.jar;C:\Windows\system32\config\systemprofile\.m2\repository\commons-codec\commons-codec\1.13\commons-codec-1.13.jar;C:\Windows\system32\config\systemprofile\.m2\repository\org\apache\httpcomponents\httpmime\4.5.10\httpmime-4.5.10.jar;C:\Windows\system32\config\systemprofile\.m2\repository\org\jsoup\jsoup\1.9.2\jsoup-1.9.2.jar;C:\Windows\system32\config\systemprofile\.m2\repository\org\testng\testng\6.14.3\testng-6.14.3.jar;C:\Windows\system32\config\systemprofile\.m2\repository\com\beust\jcommander\1.72\jcommander-1.72.jar;C:\Windows\system32\config\systemprofile\.m2\repository\org\apache-extras\beanshell\bsh\2.0b6\bsh-2.0b6.jar;"/>
    <property name="sun.cpu.endian" value="little"/>
    <property name="user.home" value="C:\Windows\system32\config\systemprofile"/>
    <property name="user.language" value="en"/>
    <property name="java.specification.vendor" value="Oracle Corporation"/>
    <property name="java.home" value="C:\Program Files\Java\jdk1.8.0_241\jre"/>
    <property name="basedir" value="C:\Program Files (x86)\Jenkins\workspace\QA Cinema Dev"/>
    <property name="file.separator" value="\"/>
    <property name="line.separator" value="&#10;"/>
    <property name="java.vm.specification.vendor" value="Oracle Corporation"/>
    <property name="java.specification.name" value="Java Platform API Specification"/>
    <property name="java.awt.graphicsenv" value="sun.awt.Win32GraphicsEnvironment"/>
    <property name="surefire.real.class.path" value="C:\Windows\TEMP\surefire2234426631560244635\surefirebooter4458611436145019527.jar;C:\\Windows\\system32\\config\\systemprofile\\.m2\\repository\\org\\jacoco\\org.jacoco.agent\\0.8.5\\org.jacoco.agent-0.8.5-runtime.jar"/>
    <property name="sun.boot.class.path" value="C:\Program Files\Java\jdk1.8.0_241\jre\lib\resources.jar;C:\Program Files\Java\jdk1.8.0_241\jre\lib\rt.jar;C:\Program Files\Java\jdk1.8.0_241\jre\lib\sunrsasign.jar;C:\Program Files\Java\jdk1.8.0_241\jre\lib\jsse.jar;C:\Program Files\Java\jdk1.8.0_241\jre\lib\jce.jar;C:\Program Files\Java\jdk1.8.0_241\jre\lib\charsets.jar;C:\Program Files\Java\jdk1.8.0_241\jre\lib\jfr.jar;C:\Program Files\Java\jdk1.8.0_241\jre\classes"/>
    <property name="user.script" value=""/>
    <property name="sun.management.compiler" value="HotSpot 64-Bit Tiered Compilers"/>
    <property name="java.runtime.version" value="1.8.0_241-b07"/>
    <property name="user.name" value="DESKTOP-JIC27MP$"/>
    <property name="path.separator" value=";"/>
    <property name="os.version" value="10.0"/>
    <property name="java.endorsed.dirs" value="C:\Program Files\Java\jdk1.8.0_241\jre\lib\endorsed"/>
    <property name="java.runtime.name" value="Java(TM) SE Runtime Environment"/>
    <property name="file.encoding" value="Cp1252"/>
    <property name="java.vm.name" value="Java HotSpot(TM) 64-Bit Server VM"/>
    <property name="localRepository" value="C:\Windows\system32\config\systemprofile\.m2\repository"/>
    <property name="java.vendor.url.bug" value="http://bugreport.sun.com/bugreport/"/>
    <property name="java.io.tmpdir" value="C:\Windows\TEMP\"/>
    <property name="java.version" value="1.8.0_241"/>
    <property name="user.dir" value="C:\Program Files (x86)\Jenkins\workspace\QA Cinema Dev"/>
    <property name="os.arch" value="amd64"/>
    <property name="java.vm.specification.name" value="Java Virtual Machine Specification"/>
    <property name="java.awt.printerjob" value="sun.awt.windows.WPrinterJob"/>
    <property name="sun.os.patch.level" value=""/>
    <property name="java.library.path" value="C:\Program Files\Java\jdk1.8.0_241\jre\bin;C:\Windows\Sun\Java\bin;C:\Windows\system32;C:\Windows;C:\Program Files (x86)\Common Files\Intel\Shared Libraries\redist\intel64_win\compiler;C:\Python38\Scripts\;C:\Python38\;C:\Program Files (x86)\Razer Chroma SDK\bin;C:\Program Files\Razer Chroma SDK\bin;C:\Program Files (x86)\Common Files\Oracle\Java\javapath;C:\Windows\system32;C:\Windows;C:\Windows\System32\Wbem;C:\Windows\System32\WindowsPowerShell\v1.0\;C:\Windows\System32\OpenSSH\;C:\Program Files (x86)\NVIDIA Corporation\PhysX\Common;C:\Program Files\NVIDIA Corporation\NVIDIA NvDLISR;C:\Program Files\Git\cmd;C:\Program Files\apache-maven-3.6.1\bin;C:\Program Files\Java\jdk1.8.0_241\bin;C:\Program Files\nodejs\;C:\ProgramData\chocolatey\bin;C:\Program Files\Java\jdk1.8.0_241\bin;C:\Windows\system32\config\systemprofile\AppData\Local\Microsoft\WindowsApps;."/>
    <property name="java.vm.info" value="mixed mode"/>
    <property name="java.vendor" value="Oracle Corporation"/>
    <property name="java.vm.version" value="25.241-b07"/>
    <property name="java.ext.dirs" value="C:\Program Files\Java\jdk1.8.0_241\jre\lib\ext;C:\Windows\Sun\Java\lib\ext"/>
    <property name="sun.io.unicode.encoding" value="UnicodeLittle"/>
    <property name="java.class.version" value="52.0"/>
  </properties>
  <testcase name="testCreateBooking on testCreateBooking(com.qa.test.controller.BookingControllerIntegrationTest)" classname="com.qa.test.controller.BookingControllerIntegrationTest" time="0.632"/>
  <testcase name="testGetAllBookings on testGetAllBookings(com.qa.test.controller.BookingControllerIntegrationTest)" classname="com.qa.test.controller.BookingControllerIntegrationTest" time="0.036"/>
  <testcase name="testUpdateBooking on testUpdateBooking(com.qa.test.controller.BookingControllerIntegrationTest)" classname="com.qa.test.controller.BookingControllerIntegrationTest" time="0.052"/>
  <testcase name="testDeleteBooking on testDeleteBooking(com.qa.test.controller.BookingControllerIntegrationTest)" classname="com.qa.test.controller.BookingControllerIntegrationTest" time="0.058"/>
  <testcase name="findBookingByIDTest on findBookingByIDTest(com.qa.test.controller.BookingControllerUnitTest)" classname="com.qa.test.controller.BookingControllerUnitTest" time="0.135"/>
  <testcase name="deleteBookingTest on deleteBookingTest(com.qa.test.controller.BookingControllerUnitTest)" classname="com.qa.test.controller.BookingControllerUnitTest" time="0.003"/>
  <testcase name="updateBookingsTest on updateBookingsTest(com.qa.test.controller.BookingControllerUnitTest)" classname="com.qa.test.controller.BookingControllerUnitTest" time="0.003"/>
  <testcase name="createBookingTest on createBookingTest(com.qa.test.controller.BookingControllerUnitTest)" classname="com.qa.test.controller.BookingControllerUnitTest" time="0.003"/>
  <testcase name="getAllBookingsTest on getAllBookingsTest(com.qa.test.controller.BookingControllerUnitTest)" classname="com.qa.test.controller.BookingControllerUnitTest" time="0.005"/>
  <testcase name="testDeleteComment on testDeleteComment(com.qa.test.controller.CommentControllerIntegrationTest)" classname="com.qa.test.controller.CommentControllerIntegrationTest" time="0.018"/>
  <testcase name="testCreateComment on testCreateComment(com.qa.test.controller.CommentControllerIntegrationTest)" classname="com.qa.test.controller.CommentControllerIntegrationTest" time="0.011"/>
  <testcase name="testUpdateComment on testUpdateComment(com.qa.test.controller.CommentControllerIntegrationTest)" classname="com.qa.test.controller.CommentControllerIntegrationTest" time="0.011"/>
  <testcase name="testGetAllComments on testGetAllComments(com.qa.test.controller.CommentControllerIntegrationTest)" classname="com.qa.test.controller.CommentControllerIntegrationTest" time="0.008"/>
  <testcase name="deleteCommentTest on deleteCommentTest(com.qa.test.controller.CommentControllerUnitTest)" classname="com.qa.test.controller.CommentControllerUnitTest" time="0.024"/>
  <testcase name="createCommentTest on createCommentTest(com.qa.test.controller.CommentControllerUnitTest)" classname="com.qa.test.controller.CommentControllerUnitTest" time="0.002"/>
  <testcase name="findCommentByIDTest on findCommentByIDTest(com.qa.test.controller.CommentControllerUnitTest)" classname="com.qa.test.controller.CommentControllerUnitTest" time="0.001"/>
  <testcase name="updateCommentsTest on updateCommentsTest(com.qa.test.controller.CommentControllerUnitTest)" classname="com.qa.test.controller.CommentControllerUnitTest" time="0.001"/>
  <testcase name="getAllCommentsTest on getAllCommentsTest(com.qa.test.controller.CommentControllerUnitTest)" classname="com.qa.test.controller.CommentControllerUnitTest" time="0.001"/>
  <testcase name="testDeleteMovie on testDeleteMovie(com.qa.test.controller.MovieControllerIntegrationTest)" classname="com.qa.test.controller.MovieControllerIntegrationTest" time="0.115"/>
  <testcase name="testGetMovie on testGetMovie(com.qa.test.controller.MovieControllerIntegrationTest)" classname="com.qa.test.controller.MovieControllerIntegrationTest" time="0.018"/>
  <testcase name="testUpdateMovie on testUpdateMovie(com.qa.test.controller.MovieControllerIntegrationTest)" classname="com.qa.test.controller.MovieControllerIntegrationTest" time="0.016"/>
  <testcase name="testCreateMovie on testCreateMovie(com.qa.test.controller.MovieControllerIntegrationTest)" classname="com.qa.test.controller.MovieControllerIntegrationTest" time="0.011"/>
  <testcase name="testGetAllMovies on testGetAllMovies(com.qa.test.controller.MovieControllerIntegrationTest)" classname="com.qa.test.controller.MovieControllerIntegrationTest" time="0.013"/>
  <testcase name="createMovieTest on createMovieTest(com.qa.test.controller.MovieControllerUnitTest)" classname="com.qa.test.controller.MovieControllerUnitTest" time="0.023"/>
  <testcase name="findMovieByIDTest on findMovieByIDTest(com.qa.test.controller.MovieControllerUnitTest)" classname="com.qa.test.controller.MovieControllerUnitTest" time="0.001"/>
  <testcase name="getAllMoviesTest on getAllMoviesTest(com.qa.test.controller.MovieControllerUnitTest)" classname="com.qa.test.controller.MovieControllerUnitTest" time="0.002"/>
  <testcase name="updateMoviesTest on updateMoviesTest(com.qa.test.controller.MovieControllerUnitTest)" classname="com.qa.test.controller.MovieControllerUnitTest" time="0.002"/>
  <testcase name="deleteMovieTest on deleteMovieTest(com.qa.test.controller.MovieControllerUnitTest)" classname="com.qa.test.controller.MovieControllerUnitTest" time="0.001"/>
  <testcase name="testUpdateShowTime on testUpdateShowTime(com.qa.test.controller.ShowTimeControllerIntegrationTest)" classname="com.qa.test.controller.ShowTimeControllerIntegrationTest" time="0.056"/>
  <testcase name="testCreateShowTime on testCreateShowTime(com.qa.test.controller.ShowTimeControllerIntegrationTest)" classname="com.qa.test.controller.ShowTimeControllerIntegrationTest" time="0.011"/>
  <testcase name="testGetAllShowTimes on testGetAllShowTimes(com.qa.test.controller.ShowTimeControllerIntegrationTest)" classname="com.qa.test.controller.ShowTimeControllerIntegrationTest" time="0.009"/>
  <testcase name="testDeleteShowTime on testDeleteShowTime(com.qa.test.controller.ShowTimeControllerIntegrationTest)" classname="com.qa.test.controller.ShowTimeControllerIntegrationTest" time="0.012"/>
  <testcase name="createShowTimeTest on createShowTimeTest(com.qa.test.controller.ShowTimeControllerUnitTest)" classname="com.qa.test.controller.ShowTimeControllerUnitTest" time="0.018"/>
  <testcase name="updateShowTimesTest on updateShowTimesTest(com.qa.test.controller.ShowTimeControllerUnitTest)" classname="com.qa.test.controller.ShowTimeControllerUnitTest" time="0.001"/>
  <testcase name="deleteShowTimeTest on deleteShowTimeTest(com.qa.test.controller.ShowTimeControllerUnitTest)" classname="com.qa.test.controller.ShowTimeControllerUnitTest" time="0.001"/>
  <testcase name="getAllShowTimesTest on getAllShowTimesTest(com.qa.test.controller.ShowTimeControllerUnitTest)" classname="com.qa.test.controller.ShowTimeControllerUnitTest" time="0.001"/>
  <testcase name="findShowTimeByIDTest on findShowTimeByIDTest(com.qa.test.controller.ShowTimeControllerUnitTest)" classname="com.qa.test.controller.ShowTimeControllerUnitTest" time="0.001"/>
  <testcase name="nullEmailOnBoth on nullEmailOnBoth(com.qa.test.domain.BookingTest)" classname="com.qa.test.domain.BookingTest" time="0"/>
  <testcase name="nullStudentNrOnBoth on nullStudentNrOnBoth(com.qa.test.domain.BookingTest)" classname="com.qa.test.domain.BookingTest" time="0"/>
  <testcase name="otherPhoneNumberDifferent on otherPhoneNumberDifferent(com.qa.test.domain.BookingTest)" classname="com.qa.test.domain.BookingTest" time="0"/>
  <testcase name="nullChildNr on nullChildNr(com.qa.test.domain.BookingTest)" classname="com.qa.test.domain.BookingTest" time="0"/>
  <testcase name="nullAdultNrOnBoth on nullAdultNrOnBoth(com.qa.test.domain.BookingTest)" classname="com.qa.test.domain.BookingTest" time="0"/>
  <testcase name="nullMovieName on nullMovieName(com.qa.test.domain.BookingTest)" classname="com.qa.test.domain.BookingTest" time="0"/>
  <testcase name="nullDateTimeOnBoth on nullDateTimeOnBoth(com.qa.test.domain.BookingTest)" classname="com.qa.test.domain.BookingTest" time="0"/>
  <testcase name="constructorWithoutId on constructorWithoutId(com.qa.test.domain.BookingTest)" classname="com.qa.test.domain.BookingTest" time="0"/>
  <testcase name="checkEqualityBetweenDifferentObjects on checkEqualityBetweenDifferentObjects(com.qa.test.domain.BookingTest)" classname="com.qa.test.domain.BookingTest" time="0"/>
  <testcase name="otherStudentNrDifferent on otherStudentNrDifferent(com.qa.test.domain.BookingTest)" classname="com.qa.test.domain.BookingTest" time="0"/>
  <testcase name="checkEquality on checkEquality(com.qa.test.domain.BookingTest)" classname="com.qa.test.domain.BookingTest" time="0"/>
  <testcase name="nullId on nullId(com.qa.test.domain.BookingTest)" classname="com.qa.test.domain.BookingTest" time="0"/>
  <testcase name="nullMovieOnBoth on nullMovieOnBoth(com.qa.test.domain.BookingTest)" classname="com.qa.test.domain.BookingTest" time="0"/>
  <testcase name="equalsWithNull on equalsWithNull(com.qa.test.domain.BookingTest)" classname="com.qa.test.domain.BookingTest" time="0"/>
  <testcase name="nullIdOnBoth on nullIdOnBoth(com.qa.test.domain.BookingTest)" classname="com.qa.test.domain.BookingTest" time="0"/>
  <testcase name="nullPhoneNumber on nullPhoneNumber(com.qa.test.domain.BookingTest)" classname="com.qa.test.domain.BookingTest" time="0"/>
  <testcase name="nullStudentNr on nullStudentNr(com.qa.test.domain.BookingTest)" classname="com.qa.test.domain.BookingTest" time="0"/>
  <testcase name="otherTotalPriceDifferent on otherTotalPriceDifferent(com.qa.test.domain.BookingTest)" classname="com.qa.test.domain.BookingTest" time="0"/>
  <testcase name="createBookingWithId on createBookingWithId(com.qa.test.domain.BookingTest)" classname="com.qa.test.domain.BookingTest" time="0"/>
  <testcase name="otherAdultNrDifferent on otherAdultNrDifferent(com.qa.test.domain.BookingTest)" classname="com.qa.test.domain.BookingTest" time="0"/>
  <testcase name="nullAdultNr on nullAdultNr(com.qa.test.domain.BookingTest)" classname="com.qa.test.domain.BookingTest" time="0.001"/>
  <testcase name="equalsWithDifferentObject on equalsWithDifferentObject(com.qa.test.domain.BookingTest)" classname="com.qa.test.domain.BookingTest" time="0"/>
  <testcase name="otherMovieDifferent on otherMovieDifferent(com.qa.test.domain.BookingTest)" classname="com.qa.test.domain.BookingTest" time="0"/>
  <testcase name="nullTotalPriceOnBoth on nullTotalPriceOnBoth(com.qa.test.domain.BookingTest)" classname="com.qa.test.domain.BookingTest" time="0"/>
  <testcase name="otherChildNrDifferent on otherChildNrDifferent(com.qa.test.domain.BookingTest)" classname="com.qa.test.domain.BookingTest" time="0.001"/>
  <testcase name="settersTest on settersTest(com.qa.test.domain.BookingTest)" classname="com.qa.test.domain.BookingTest" time="0"/>
  <testcase name="nullPhoneNumberOnBoth on nullPhoneNumberOnBoth(com.qa.test.domain.BookingTest)" classname="com.qa.test.domain.BookingTest" time="0"/>
  <testcase name="nullEmail on nullEmail(com.qa.test.domain.BookingTest)" classname="com.qa.test.domain.BookingTest" time="0"/>
  <testcase name="nullMovie on nullMovie(com.qa.test.domain.BookingTest)" classname="com.qa.test.domain.BookingTest" time="0"/>
  <testcase name="otherEmailDifferent on otherEmailDifferent(com.qa.test.domain.BookingTest)" classname="com.qa.test.domain.BookingTest" time="0"/>
  <testcase name="nullChildNrOnBoth on nullChildNrOnBoth(com.qa.test.domain.BookingTest)" classname="com.qa.test.domain.BookingTest" time="0"/>
  <testcase name="hashCodeTest on hashCodeTest(com.qa.test.domain.BookingTest)" classname="com.qa.test.domain.BookingTest" time="0"/>
  <testcase name="otherMovieNameDifferent on otherMovieNameDifferent(com.qa.test.domain.BookingTest)" classname="com.qa.test.domain.BookingTest" time="0"/>
  <testcase name="nullDateTime on nullDateTime(com.qa.test.domain.BookingTest)" classname="com.qa.test.domain.BookingTest" time="0"/>
  <testcase name="hashCodeTestWithNull on hashCodeTestWithNull(com.qa.test.domain.BookingTest)" classname="com.qa.test.domain.BookingTest" time="0"/>
  <testcase name="nullTotalPrice on nullTotalPrice(com.qa.test.domain.BookingTest)" classname="com.qa.test.domain.BookingTest" time="0"/>
  <testcase name="otherIdDifferent on otherIdDifferent(com.qa.test.domain.BookingTest)" classname="com.qa.test.domain.BookingTest" time="0"/>
  <testcase name="nullMovieNameOnBoth on nullMovieNameOnBoth(com.qa.test.domain.BookingTest)" classname="com.qa.test.domain.BookingTest" time="0"/>
  <testcase name="otherDateTimeDifferent on otherDateTimeDifferent(com.qa.test.domain.BookingTest)" classname="com.qa.test.domain.BookingTest" time="0"/>
  <testcase name="checkEqualityBetweenDifferentObjectsNullName on checkEqualityBetweenDifferentObjectsNullName(com.qa.test.domain.CommentTest)" classname="com.qa.test.domain.CommentTest" time="0"/>
  <testcase name="nullComment on nullComment(com.qa.test.domain.CommentTest)" classname="com.qa.test.domain.CommentTest" time="0"/>
  <testcase name="otherCommentDifferent on otherCommentDifferent(com.qa.test.domain.CommentTest)" classname="com.qa.test.domain.CommentTest" time="0"/>
  <testcase name="constructorWithoutId on constructorWithoutId(com.qa.test.domain.CommentTest)" classname="com.qa.test.domain.CommentTest" time="0"/>
  <testcase name="checkEqualityBetweenDifferentObjects on checkEqualityBetweenDifferentObjects(com.qa.test.domain.CommentTest)" classname="com.qa.test.domain.CommentTest" time="0.001"/>
  <testcase name="checkEquality on checkEquality(com.qa.test.domain.CommentTest)" classname="com.qa.test.domain.CommentTest" time="0"/>
  <testcase name="nullMovieTitleOnBoth on nullMovieTitleOnBoth(com.qa.test.domain.CommentTest)" classname="com.qa.test.domain.CommentTest" time="0"/>
  <testcase name="nullRatingOnBoth on nullRatingOnBoth(com.qa.test.domain.CommentTest)" classname="com.qa.test.domain.CommentTest" time="0"/>
  <testcase name="nullId on nullId(com.qa.test.domain.CommentTest)" classname="com.qa.test.domain.CommentTest" time="0"/>
  <testcase name="nullCommentOnBoth on nullCommentOnBoth(com.qa.test.domain.CommentTest)" classname="com.qa.test.domain.CommentTest" time="0"/>
  <testcase name="equalsWithNull on equalsWithNull(com.qa.test.domain.CommentTest)" classname="com.qa.test.domain.CommentTest" time="0"/>
  <testcase name="nullIdOnBoth on nullIdOnBoth(com.qa.test.domain.CommentTest)" classname="com.qa.test.domain.CommentTest" time="0"/>
  <testcase name="createCommentWithId on createCommentWithId(com.qa.test.domain.CommentTest)" classname="com.qa.test.domain.CommentTest" time="0"/>
  <testcase name="commentNamesNotEqual on commentNamesNotEqual(com.qa.test.domain.CommentTest)" classname="com.qa.test.domain.CommentTest" time="0"/>
  <testcase name="equalsWithDifferentObject on equalsWithDifferentObject(com.qa.test.domain.CommentTest)" classname="com.qa.test.domain.CommentTest" time="0"/>
  <testcase name="nullMovieTitle on nullMovieTitle(com.qa.test.domain.CommentTest)" classname="com.qa.test.domain.CommentTest" time="0"/>
  <testcase name="commentNameNullButOtherNameNotNull on commentNameNullButOtherNameNotNull(com.qa.test.domain.CommentTest)" classname="com.qa.test.domain.CommentTest" time="0"/>
  <testcase name="settersTest on settersTest(com.qa.test.domain.CommentTest)" classname="com.qa.test.domain.CommentTest" time="0"/>
  <testcase name="otherMovieTitleDifferent on otherMovieTitleDifferent(com.qa.test.domain.CommentTest)" classname="com.qa.test.domain.CommentTest" time="0"/>
  <testcase name="hashCodeTest on hashCodeTest(com.qa.test.domain.CommentTest)" classname="com.qa.test.domain.CommentTest" time="0"/>
  <testcase name="otherRatingDifferent on otherRatingDifferent(com.qa.test.domain.CommentTest)" classname="com.qa.test.domain.CommentTest" time="0"/>
  <testcase name="hashCodeTestWithNull on hashCodeTestWithNull(com.qa.test.domain.CommentTest)" classname="com.qa.test.domain.CommentTest" time="0"/>
  <testcase name="nullRating on nullRating(com.qa.test.domain.CommentTest)" classname="com.qa.test.domain.CommentTest" time="0"/>
  <testcase name="otherIdDifferent on otherIdDifferent(com.qa.test.domain.CommentTest)" classname="com.qa.test.domain.CommentTest" time="0"/>
  <testcase name="nullBodyOnBoth on nullBodyOnBoth(com.qa.test.domain.EmailTest)" classname="com.qa.test.domain.EmailTest" time="0"/>
  <testcase name="nullBody on nullBody(com.qa.test.domain.EmailTest)" classname="com.qa.test.domain.EmailTest" time="0.001"/>
  <testcase name="createEmailWithId on createEmailWithId(com.qa.test.domain.EmailTest)" classname="com.qa.test.domain.EmailTest" time="0"/>
  <testcase name="constructorWithoutId on constructorWithoutId(com.qa.test.domain.EmailTest)" classname="com.qa.test.domain.EmailTest" time="0"/>
  <testcase name="otherBodyDifferent on otherBodyDifferent(com.qa.test.domain.EmailTest)" classname="com.qa.test.domain.EmailTest" time="0"/>
  <testcase name="nullUsernameOnBoth on nullUsernameOnBoth(com.qa.test.domain.EmailTest)" classname="com.qa.test.domain.EmailTest" time="0"/>
  <testcase name="checkEqualityBetweenDifferentObjects on checkEqualityBetweenDifferentObjects(com.qa.test.domain.EmailTest)" classname="com.qa.test.domain.EmailTest" time="0"/>
  <testcase name="checkEquality on checkEquality(com.qa.test.domain.EmailTest)" classname="com.qa.test.domain.EmailTest" time="0"/>
  <testcase name="nullId on nullId(com.qa.test.domain.EmailTest)" classname="com.qa.test.domain.EmailTest" time="0"/>
  <testcase name="nullIdOnBoth on nullIdOnBoth(com.qa.test.domain.EmailTest)" classname="com.qa.test.domain.EmailTest" time="0.001"/>
  <testcase name="otherUsernameDifferent on otherUsernameDifferent(com.qa.test.domain.EmailTest)" classname="com.qa.test.domain.EmailTest" time="0"/>
  <testcase name="nullUsername on nullUsername(com.qa.test.domain.EmailTest)" classname="com.qa.test.domain.EmailTest" time="0"/>
  <testcase name="otherSubjectDifferent on otherSubjectDifferent(com.qa.test.domain.EmailTest)" classname="com.qa.test.domain.EmailTest" time="0"/>
  <testcase name="nullSubject on nullSubject(com.qa.test.domain.EmailTest)" classname="com.qa.test.domain.EmailTest" time="0"/>
  <testcase name="nulEmailOnBoth on nulEmailOnBoth(com.qa.test.domain.EmailTest)" classname="com.qa.test.domain.EmailTest" time="0"/>
  <testcase name="equalsWithDifferentObject on equalsWithDifferentObject(com.qa.test.domain.EmailTest)" classname="com.qa.test.domain.EmailTest" time="0"/>
  <testcase name="nullSubjectOnBoth on nullSubjectOnBoth(com.qa.test.domain.EmailTest)" classname="com.qa.test.domain.EmailTest" time="0"/>
  <testcase name="settersTest on settersTest(com.qa.test.domain.EmailTest)" classname="com.qa.test.domain.EmailTest" time="0.001"/>
  <testcase name="nullEmail on nullEmail(com.qa.test.domain.EmailTest)" classname="com.qa.test.domain.EmailTest" time="0"/>
  <testcase name="otherEmailDifferent on otherEmailDifferent(com.qa.test.domain.EmailTest)" classname="com.qa.test.domain.EmailTest" time="0"/>
  <testcase name="hashCodeTest on hashCodeTest(com.qa.test.domain.EmailTest)" classname="com.qa.test.domain.EmailTest" time="0"/>
  <testcase name="hashCodeTestWithNull on hashCodeTestWithNull(com.qa.test.domain.EmailTest)" classname="com.qa.test.domain.EmailTest" time="0"/>
  <testcase name="otherIdDifferent on otherIdDifferent(com.qa.test.domain.EmailTest)" classname="com.qa.test.domain.EmailTest" time="0"/>
  <testcase name="checkEqualityBetweenDifferentObjectsNullName on checkEqualityBetweenDifferentObjectsNullName(com.qa.test.domain.MovieTest)" classname="com.qa.test.domain.MovieTest" time="0"/>
  <testcase name="otherStatusDifferent on otherStatusDifferent(com.qa.test.domain.MovieTest)" classname="com.qa.test.domain.MovieTest" time="0"/>
  <testcase name="constructorWithoutId on constructorWithoutId(com.qa.test.domain.MovieTest)" classname="com.qa.test.domain.MovieTest" time="0"/>
  <testcase name="checkEqualityBetweenDifferentObjects on checkEqualityBetweenDifferentObjects(com.qa.test.domain.MovieTest)" classname="com.qa.test.domain.MovieTest" time="0"/>
  <testcase name="checkEquality on checkEquality(com.qa.test.domain.MovieTest)" classname="com.qa.test.domain.MovieTest" time="0.001"/>
  <testcase name="NullApiID on NullApiID(com.qa.test.domain.MovieTest)" classname="com.qa.test.domain.MovieTest" time="0"/>
  <testcase name="nullRatingOnBoth on nullRatingOnBoth(com.qa.test.domain.MovieTest)" classname="com.qa.test.domain.MovieTest" time="0"/>
  <testcase name="nullId on nullId(com.qa.test.domain.MovieTest)" classname="com.qa.test.domain.MovieTest" time="0"/>
  <testcase name="equalsWithNull on equalsWithNull(com.qa.test.domain.MovieTest)" classname="com.qa.test.domain.MovieTest" time="0"/>
  <testcase name="nullIdOnBoth on nullIdOnBoth(com.qa.test.domain.MovieTest)" classname="com.qa.test.domain.MovieTest" time="0"/>
  <testcase name="NullRating on NullRating(com.qa.test.domain.MovieTest)" classname="com.qa.test.domain.MovieTest" time="0"/>
  <testcase name="NullStatus on NullStatus(com.qa.test.domain.MovieTest)" classname="com.qa.test.domain.MovieTest" time="0"/>
  <testcase name="createMovieWithId on createMovieWithId(com.qa.test.domain.MovieTest)" classname="com.qa.test.domain.MovieTest" time="0"/>
  <testcase name="movieNamesNotEqual on movieNamesNotEqual(com.qa.test.domain.MovieTest)" classname="com.qa.test.domain.MovieTest" time="0"/>
  <testcase name="otherApiIDDifferent on otherApiIDDifferent(com.qa.test.domain.MovieTest)" classname="com.qa.test.domain.MovieTest" time="0"/>
  <testcase name="equalsWithDifferentObject on equalsWithDifferentObject(com.qa.test.domain.MovieTest)" classname="com.qa.test.domain.MovieTest" time="0"/>
  <testcase name="settersTest on settersTest(com.qa.test.domain.MovieTest)" classname="com.qa.test.domain.MovieTest" time="0"/>
  <testcase name="hashCodeTest on hashCodeTest(com.qa.test.domain.MovieTest)" classname="com.qa.test.domain.MovieTest" time="0"/>
  <testcase name="otherRatingDifferent on otherRatingDifferent(com.qa.test.domain.MovieTest)" classname="com.qa.test.domain.MovieTest" time="0.001"/>
  <testcase name="nullStatusOnBoth on nullStatusOnBoth(com.qa.test.domain.MovieTest)" classname="com.qa.test.domain.MovieTest" time="0"/>
  <testcase name="hashCodeTestWithNull on hashCodeTestWithNull(com.qa.test.domain.MovieTest)" classname="com.qa.test.domain.MovieTest" time="0"/>
  <testcase name="nullApiIDOnBoth on nullApiIDOnBoth(com.qa.test.domain.MovieTest)" classname="com.qa.test.domain.MovieTest" time="0"/>
  <testcase name="otherIdDifferent on otherIdDifferent(com.qa.test.domain.MovieTest)" classname="com.qa.test.domain.MovieTest" time="0"/>
  <testcase name="otherStatusDifferent on otherStatusDifferent(com.qa.test.domain.ResponseTest)" classname="com.qa.test.domain.ResponseTest" time="0"/>
  <testcase name="checkEquality on checkEquality(com.qa.test.domain.ResponseTest)" classname="com.qa.test.domain.ResponseTest" time="0"/>
  <testcase name="nullDetails on nullDetails(com.qa.test.domain.ResponseTest)" classname="com.qa.test.domain.ResponseTest" time="0"/>
  <testcase name="equalsWithNull on equalsWithNull(com.qa.test.domain.ResponseTest)" classname="com.qa.test.domain.ResponseTest" time="0"/>
  <testcase name="ResponseDetailsNullButOtherDetailsNotNull on ResponseDetailsNullButOtherDetailsNotNull(com.qa.test.domain.ResponseTest)" classname="com.qa.test.domain.ResponseTest" time="0"/>
  <testcase name="otherDetailsDifferent on otherDetailsDifferent(com.qa.test.domain.ResponseTest)" classname="com.qa.test.domain.ResponseTest" time="0"/>
  <testcase name="ResponseStatusNotEqual on ResponseStatusNotEqual(com.qa.test.domain.ResponseTest)" classname="com.qa.test.domain.ResponseTest" time="0"/>
  <testcase name="equalsWithDifferentObject on equalsWithDifferentObject(com.qa.test.domain.ResponseTest)" classname="com.qa.test.domain.ResponseTest" time="0"/>
  <testcase name="settersTest on settersTest(com.qa.test.domain.ResponseTest)" classname="com.qa.test.domain.ResponseTest" time="0"/>
  <testcase name="nullTime on nullTime(com.qa.test.domain.ShowTimeTest)" classname="com.qa.test.domain.ShowTimeTest" time="0"/>
  <testcase name="constructorWithoutId on constructorWithoutId(com.qa.test.domain.ShowTimeTest)" classname="com.qa.test.domain.ShowTimeTest" time="0"/>
  <testcase name="checkEqualityBetweenDifferentObjects on checkEqualityBetweenDifferentObjects(com.qa.test.domain.ShowTimeTest)" classname="com.qa.test.domain.ShowTimeTest" time="0"/>
  <testcase name="checkEquality on checkEquality(com.qa.test.domain.ShowTimeTest)" classname="com.qa.test.domain.ShowTimeTest" time="0"/>
  <testcase name="nullTimeOnBoth on nullTimeOnBoth(com.qa.test.domain.ShowTimeTest)" classname="com.qa.test.domain.ShowTimeTest" time="0"/>
  <testcase name="nullId on nullId(com.qa.test.domain.ShowTimeTest)" classname="com.qa.test.domain.ShowTimeTest" time="0"/>
  <testcase name="equalsWithNull on equalsWithNull(com.qa.test.domain.ShowTimeTest)" classname="com.qa.test.domain.ShowTimeTest" time="0"/>
  <testcase name="nullIdOnBoth on nullIdOnBoth(com.qa.test.domain.ShowTimeTest)" classname="com.qa.test.domain.ShowTimeTest" time="0"/>
  <testcase name="showTimeTimesNotEqual on showTimeTimesNotEqual(com.qa.test.domain.ShowTimeTest)" classname="com.qa.test.domain.ShowTimeTest" time="0"/>
  <testcase name="showTimeTimeNullButOtherNameNotNull on showTimeTimeNullButOtherNameNotNull(com.qa.test.domain.ShowTimeTest)" classname="com.qa.test.domain.ShowTimeTest" time="0"/>
  <testcase name="equalsWithDifferentObject on equalsWithDifferentObject(com.qa.test.domain.ShowTimeTest)" classname="com.qa.test.domain.ShowTimeTest" time="0"/>
  <testcase name="settersTest on settersTest(com.qa.test.domain.ShowTimeTest)" classname="com.qa.test.domain.ShowTimeTest" time="0"/>
  <testcase name="createShowTimeWithId on createShowTimeWithId(com.qa.test.domain.ShowTimeTest)" classname="com.qa.test.domain.ShowTimeTest" time="0"/>
  <testcase name="checkEqualityBetweenDifferentObjectsNullTimes on checkEqualityBetweenDifferentObjectsNullTimes(com.qa.test.domain.ShowTimeTest)" classname="com.qa.test.domain.ShowTimeTest" time="0"/>
  <testcase name="hashCodeTest on hashCodeTest(com.qa.test.domain.ShowTimeTest)" classname="com.qa.test.domain.ShowTimeTest" time="0"/>
  <testcase name="hashCodeTestWithNull on hashCodeTestWithNull(com.qa.test.domain.ShowTimeTest)" classname="com.qa.test.domain.ShowTimeTest" time="0"/>
  <testcase name="otherTimeDifferent on otherTimeDifferent(com.qa.test.domain.ShowTimeTest)" classname="com.qa.test.domain.ShowTimeTest" time="0.001"/>
  <testcase name="otherIdDifferent on otherIdDifferent(com.qa.test.domain.ShowTimeTest)" classname="com.qa.test.domain.ShowTimeTest" time="0"/>
  <testcase name="nullStudentNrOnBoth on nullStudentNrOnBoth(com.qa.test.dto.BookingDTOTest)" classname="com.qa.test.dto.BookingDTOTest" time="0.001"/>
  <testcase name="otherPhoneNumberDifferent on otherPhoneNumberDifferent(com.qa.test.dto.BookingDTOTest)" classname="com.qa.test.dto.BookingDTOTest" time="0"/>
  <testcase name="nullChildNr on nullChildNr(com.qa.test.dto.BookingDTOTest)" classname="com.qa.test.dto.BookingDTOTest" time="0"/>
  <testcase name="nullAdultNrOnBoth on nullAdultNrOnBoth(com.qa.test.dto.BookingDTOTest)" classname="com.qa.test.dto.BookingDTOTest" time="0"/>
  <testcase name="nullMovieName on nullMovieName(com.qa.test.dto.BookingDTOTest)" classname="com.qa.test.dto.BookingDTOTest" time="0"/>
  <testcase name="nullDateTimeOnBoth on nullDateTimeOnBoth(com.qa.test.dto.BookingDTOTest)" classname="com.qa.test.dto.BookingDTOTest" time="0"/>
  <testcase name="constructorWithoutId on constructorWithoutId(com.qa.test.dto.BookingDTOTest)" classname="com.qa.test.dto.BookingDTOTest" time="0.001"/>
  <testcase name="checkEqualityBetweenDifferentObjects on checkEqualityBetweenDifferentObjects(com.qa.test.dto.BookingDTOTest)" classname="com.qa.test.dto.BookingDTOTest" time="0"/>
  <testcase name="nullEmailAddress on nullEmailAddress(com.qa.test.dto.BookingDTOTest)" classname="com.qa.test.dto.BookingDTOTest" time="0"/>
  <testcase name="otherStudentNrDifferent on otherStudentNrDifferent(com.qa.test.dto.BookingDTOTest)" classname="com.qa.test.dto.BookingDTOTest" time="0"/>
  <testcase name="checkEquality on checkEquality(com.qa.test.dto.BookingDTOTest)" classname="com.qa.test.dto.BookingDTOTest" time="0"/>
  <testcase name="nullId on nullId(com.qa.test.dto.BookingDTOTest)" classname="com.qa.test.dto.BookingDTOTest" time="0"/>
  <testcase name="equalsWithNull on equalsWithNull(com.qa.test.dto.BookingDTOTest)" classname="com.qa.test.dto.BookingDTOTest" time="0"/>
  <testcase name="nullIdOnBoth on nullIdOnBoth(com.qa.test.dto.BookingDTOTest)" classname="com.qa.test.dto.BookingDTOTest" time="0"/>
  <testcase name="nullPhoneNumber on nullPhoneNumber(com.qa.test.dto.BookingDTOTest)" classname="com.qa.test.dto.BookingDTOTest" time="0.001"/>
  <testcase name="nullStudentNr on nullStudentNr(com.qa.test.dto.BookingDTOTest)" classname="com.qa.test.dto.BookingDTOTest" time="0"/>
  <testcase name="nullEmailAddressOnBoth on nullEmailAddressOnBoth(com.qa.test.dto.BookingDTOTest)" classname="com.qa.test.dto.BookingDTOTest" time="0"/>
  <testcase name="otherTotalPriceDifferent on otherTotalPriceDifferent(com.qa.test.dto.BookingDTOTest)" classname="com.qa.test.dto.BookingDTOTest" time="0"/>
  <testcase name="otherCustomerNameDifferent on otherCustomerNameDifferent(com.qa.test.dto.BookingDTOTest)" classname="com.qa.test.dto.BookingDTOTest" time="0"/>
  <testcase name="otherAdultNrDifferent on otherAdultNrDifferent(com.qa.test.dto.BookingDTOTest)" classname="com.qa.test.dto.BookingDTOTest" time="0"/>
  <testcase name="otherEmailAddressDifferent on otherEmailAddressDifferent(com.qa.test.dto.BookingDTOTest)" classname="com.qa.test.dto.BookingDTOTest" time="0"/>
  <testcase name="nullAdultNr on nullAdultNr(com.qa.test.dto.BookingDTOTest)" classname="com.qa.test.dto.BookingDTOTest" time="0"/>
  <testcase name="equalsWithDifferentObject on equalsWithDifferentObject(com.qa.test.dto.BookingDTOTest)" classname="com.qa.test.dto.BookingDTOTest" time="0"/>
  <testcase name="nullTotalPriceOnBoth on nullTotalPriceOnBoth(com.qa.test.dto.BookingDTOTest)" classname="com.qa.test.dto.BookingDTOTest" time="0"/>
  <testcase name="nullCustomerName on nullCustomerName(com.qa.test.dto.BookingDTOTest)" classname="com.qa.test.dto.BookingDTOTest" time="0"/>
  <testcase name="otherChildNrDifferent on otherChildNrDifferent(com.qa.test.dto.BookingDTOTest)" classname="com.qa.test.dto.BookingDTOTest" time="0.001"/>
  <testcase name="settersTest on settersTest(com.qa.test.dto.BookingDTOTest)" classname="com.qa.test.dto.BookingDTOTest" time="0"/>
  <testcase name="nullPhoneNumberOnBoth on nullPhoneNumberOnBoth(com.qa.test.dto.BookingDTOTest)" classname="com.qa.test.dto.BookingDTOTest" time="0"/>
  <testcase name="nullChildNrOnBoth on nullChildNrOnBoth(com.qa.test.dto.BookingDTOTest)" classname="com.qa.test.dto.BookingDTOTest" time="0"/>
  <testcase name="hashCodeTest on hashCodeTest(com.qa.test.dto.BookingDTOTest)" classname="com.qa.test.dto.BookingDTOTest" time="0"/>
  <testcase name="otherMovieNameDifferent on otherMovieNameDifferent(com.qa.test.dto.BookingDTOTest)" classname="com.qa.test.dto.BookingDTOTest" time="0"/>
  <testcase name="nullDateTime on nullDateTime(com.qa.test.dto.BookingDTOTest)" classname="com.qa.test.dto.BookingDTOTest" time="0"/>
  <testcase name="createBookingDTOWithId on createBookingDTOWithId(com.qa.test.dto.BookingDTOTest)" classname="com.qa.test.dto.BookingDTOTest" time="0"/>
  <testcase name="hashCodeTestWithNull on hashCodeTestWithNull(com.qa.test.dto.BookingDTOTest)" classname="com.qa.test.dto.BookingDTOTest" time="0.001"/>
  <testcase name="nullTotalPrice on nullTotalPrice(com.qa.test.dto.BookingDTOTest)" classname="com.qa.test.dto.BookingDTOTest" time="0"/>
  <testcase name="otherIdDifferent on otherIdDifferent(com.qa.test.dto.BookingDTOTest)" classname="com.qa.test.dto.BookingDTOTest" time="0"/>
  <testcase name="nullMovieNameOnBoth on nullMovieNameOnBoth(com.qa.test.dto.BookingDTOTest)" classname="com.qa.test.dto.BookingDTOTest" time="0"/>
  <testcase name="nullCustomerNameOnBoth on nullCustomerNameOnBoth(com.qa.test.dto.BookingDTOTest)" classname="com.qa.test.dto.BookingDTOTest" time="0"/>
  <testcase name="otherDateTimeDifferent on otherDateTimeDifferent(com.qa.test.dto.BookingDTOTest)" classname="com.qa.test.dto.BookingDTOTest" time="0"/>
  <testcase name="nullEmailOnBoth on nullEmailOnBoth(com.qa.test.dto.EmailDTOTest)" classname="com.qa.test.dto.EmailDTOTest" time="0"/>
  <testcase name="nullBodyOnBoth on nullBodyOnBoth(com.qa.test.dto.EmailDTOTest)" classname="com.qa.test.dto.EmailDTOTest" time="0"/>
  <testcase name="nullBody on nullBody(com.qa.test.dto.EmailDTOTest)" classname="com.qa.test.dto.EmailDTOTest" time="0"/>
  <testcase name="constructorWithoutId on constructorWithoutId(com.qa.test.dto.EmailDTOTest)" classname="com.qa.test.dto.EmailDTOTest" time="0"/>
  <testcase name="otherBodyDifferent on otherBodyDifferent(com.qa.test.dto.EmailDTOTest)" classname="com.qa.test.dto.EmailDTOTest" time="0.001"/>
  <testcase name="nullUsernameOnBoth on nullUsernameOnBoth(com.qa.test.dto.EmailDTOTest)" classname="com.qa.test.dto.EmailDTOTest" time="0"/>
  <testcase name="checkEqualityBetweenDifferentObjects on checkEqualityBetweenDifferentObjects(com.qa.test.dto.EmailDTOTest)" classname="com.qa.test.dto.EmailDTOTest" time="0"/>
  <testcase name="checkEquality on checkEquality(com.qa.test.dto.EmailDTOTest)" classname="com.qa.test.dto.EmailDTOTest" time="0"/>
  <testcase name="nullId on nullId(com.qa.test.dto.EmailDTOTest)" classname="com.qa.test.dto.EmailDTOTest" time="0"/>
  <testcase name="equalsWithNull on equalsWithNull(com.qa.test.dto.EmailDTOTest)" classname="com.qa.test.dto.EmailDTOTest" time="0.001"/>
  <testcase name="nullIdOnBoth on nullIdOnBoth(com.qa.test.dto.EmailDTOTest)" classname="com.qa.test.dto.EmailDTOTest" time="0"/>
  <testcase name="createEmailDTOWithId on createEmailDTOWithId(com.qa.test.dto.EmailDTOTest)" classname="com.qa.test.dto.EmailDTOTest" time="0"/>
  <testcase name="otherUsernameDifferent on otherUsernameDifferent(com.qa.test.dto.EmailDTOTest)" classname="com.qa.test.dto.EmailDTOTest" time="0"/>
  <testcase name="nullUsername on nullUsername(com.qa.test.dto.EmailDTOTest)" classname="com.qa.test.dto.EmailDTOTest" time="0"/>
  <testcase name="otherSubjectDifferent on otherSubjectDifferent(com.qa.test.dto.EmailDTOTest)" classname="com.qa.test.dto.EmailDTOTest" time="0"/>
  <testcase name="nullSubject on nullSubject(com.qa.test.dto.EmailDTOTest)" classname="com.qa.test.dto.EmailDTOTest" time="0.001"/>
  <testcase name="equalsWithDifferentObject on equalsWithDifferentObject(com.qa.test.dto.EmailDTOTest)" classname="com.qa.test.dto.EmailDTOTest" time="0"/>
  <testcase name="nullSubjectOnBoth on nullSubjectOnBoth(com.qa.test.dto.EmailDTOTest)" classname="com.qa.test.dto.EmailDTOTest" time="0"/>
  <testcase name="settersTest on settersTest(com.qa.test.dto.EmailDTOTest)" classname="com.qa.test.dto.EmailDTOTest" time="0"/>
  <testcase name="nullEmail on nullEmail(com.qa.test.dto.EmailDTOTest)" classname="com.qa.test.dto.EmailDTOTest" time="0"/>
  <testcase name="otherEmailDifferent on otherEmailDifferent(com.qa.test.dto.EmailDTOTest)" classname="com.qa.test.dto.EmailDTOTest" time="0"/>
  <testcase name="hashCodeTest on hashCodeTest(com.qa.test.dto.EmailDTOTest)" classname="com.qa.test.dto.EmailDTOTest" time="0"/>
  <testcase name="hashCodeTestWithNull on hashCodeTestWithNull(com.qa.test.dto.EmailDTOTest)" classname="com.qa.test.dto.EmailDTOTest" time="0"/>
  <testcase name="otherIdDifferent on otherIdDifferent(com.qa.test.dto.EmailDTOTest)" classname="com.qa.test.dto.EmailDTOTest" time="0"/>
  <testcase name="checkEqualityBetweenDifferentObjectsNullName on checkEqualityBetweenDifferentObjectsNullName(com.qa.test.dto.MovieDTOTest)" classname="com.qa.test.dto.MovieDTOTest" time="0"/>
  <testcase name="constructorWithoutId on constructorWithoutId(com.qa.test.dto.MovieDTOTest)" classname="com.qa.test.dto.MovieDTOTest" time="0"/>
  <testcase name="checkEqualityBetweenDifferentObjects on checkEqualityBetweenDifferentObjects(com.qa.test.dto.MovieDTOTest)" classname="com.qa.test.dto.MovieDTOTest" time="0"/>
  <testcase name="createMovieDTOWithId on createMovieDTOWithId(com.qa.test.dto.MovieDTOTest)" classname="com.qa.test.dto.MovieDTOTest" time="0"/>
  <testcase name="checkEquality on checkEquality(com.qa.test.dto.MovieDTOTest)" classname="com.qa.test.dto.MovieDTOTest" time="0"/>
  <testcase name="nullId on nullId(com.qa.test.dto.MovieDTOTest)" classname="com.qa.test.dto.MovieDTOTest" time="0"/>
  <testcase name="equalsWithNull on equalsWithNull(com.qa.test.dto.MovieDTOTest)" classname="com.qa.test.dto.MovieDTOTest" time="0"/>
  <testcase name="nullIdOnBoth on nullIdOnBoth(com.qa.test.dto.MovieDTOTest)" classname="com.qa.test.dto.MovieDTOTest" time="0"/>
  <testcase name="equalsWithDifferentObject on equalsWithDifferentObject(com.qa.test.dto.MovieDTOTest)" classname="com.qa.test.dto.MovieDTOTest" time="0.001"/>
  <testcase name="settersTest on settersTest(com.qa.test.dto.MovieDTOTest)" classname="com.qa.test.dto.MovieDTOTest" time="0"/>
  <testcase name="hashCodeTest on hashCodeTest(com.qa.test.dto.MovieDTOTest)" classname="com.qa.test.dto.MovieDTOTest" time="0"/>
  <testcase name="movieDTONameNullButOtherNameNotNull on movieDTONameNullButOtherNameNotNull(com.qa.test.dto.MovieDTOTest)" classname="com.qa.test.dto.MovieDTOTest" time="0"/>
  <testcase name="hashCodeTestWithNull on hashCodeTestWithNull(com.qa.test.dto.MovieDTOTest)" classname="com.qa.test.dto.MovieDTOTest" time="0"/>
  <testcase name="otherIdDifferent on otherIdDifferent(com.qa.test.dto.MovieDTOTest)" classname="com.qa.test.dto.MovieDTOTest" time="0"/>
  <testcase name="movieDTONamesNotEqual on movieDTONamesNotEqual(com.qa.test.dto.MovieDTOTest)" classname="com.qa.test.dto.MovieDTOTest" time="0"/>
  <testcase name="constructorWithoutId on constructorWithoutId(com.qa.test.dto.ShowTimeDTOTest)" classname="com.qa.test.dto.ShowTimeDTOTest" time="0"/>
  <testcase name="checkEqualityBetweenDifferentObjects on checkEqualityBetweenDifferentObjects(com.qa.test.dto.ShowTimeDTOTest)" classname="com.qa.test.dto.ShowTimeDTOTest" time="0"/>
  <testcase name="showTimeDTOTimesNotEqual on showTimeDTOTimesNotEqual(com.qa.test.dto.ShowTimeDTOTest)" classname="com.qa.test.dto.ShowTimeDTOTest" time="0"/>
  <testcase name="checkEquality on checkEquality(com.qa.test.dto.ShowTimeDTOTest)" classname="com.qa.test.dto.ShowTimeDTOTest" time="0"/>
  <testcase name="nullId on nullId(com.qa.test.dto.ShowTimeDTOTest)" classname="com.qa.test.dto.ShowTimeDTOTest" time="0"/>
  <testcase name="equalsWithNull on equalsWithNull(com.qa.test.dto.ShowTimeDTOTest)" classname="com.qa.test.dto.ShowTimeDTOTest" time="0"/>
  <testcase name="nullIdOnBoth on nullIdOnBoth(com.qa.test.dto.ShowTimeDTOTest)" classname="com.qa.test.dto.ShowTimeDTOTest" time="0"/>
  <testcase name="equalsWithDifferentObject on equalsWithDifferentObject(com.qa.test.dto.ShowTimeDTOTest)" classname="com.qa.test.dto.ShowTimeDTOTest" time="0"/>
  <testcase name="settersTest on settersTest(com.qa.test.dto.ShowTimeDTOTest)" classname="com.qa.test.dto.ShowTimeDTOTest" time="0"/>
  <testcase name="showTimeDTOTimeNullButOtherNameNotNull on showTimeDTOTimeNullButOtherNameNotNull(com.qa.test.dto.ShowTimeDTOTest)" classname="com.qa.test.dto.ShowTimeDTOTest" time="0"/>
  <testcase name="checkEqualityBetweenDifferentObjectsNullTimes on checkEqualityBetweenDifferentObjectsNullTimes(com.qa.test.dto.ShowTimeDTOTest)" classname="com.qa.test.dto.ShowTimeDTOTest" time="0"/>
  <testcase name="hashCodeTest on hashCodeTest(com.qa.test.dto.ShowTimeDTOTest)" classname="com.qa.test.dto.ShowTimeDTOTest" time="0"/>
  <testcase name="createShowTimeDTOWithId on createShowTimeDTOWithId(com.qa.test.dto.ShowTimeDTOTest)" classname="com.qa.test.dto.ShowTimeDTOTest" time="0.001"/>
  <testcase name="hashCodeTestWithNull on hashCodeTestWithNull(com.qa.test.dto.ShowTimeDTOTest)" classname="com.qa.test.dto.ShowTimeDTOTest" time="0"/>
  <testcase name="otherIdDifferent on otherIdDifferent(com.qa.test.dto.ShowTimeDTOTest)" classname="com.qa.test.dto.ShowTimeDTOTest" time="0"/>
  <testcase name="makeBooking on makeBooking(com.qa.test.selenium.tests.BookingTest)" classname="com.qa.test.selenium.tests.BookingTest" time="4.965"/>
  <testcase name="testEighteenRedirect on testEighteenRedirect(com.qa.test.selenium.tests.ClassificationPageTest)" classname="com.qa.test.selenium.tests.ClassificationPageTest" time="4.446"/>
  <testcase name="testUniversalRedirect on testUniversalRedirect(com.qa.test.selenium.tests.ClassificationPageTest)" classname="com.qa.test.selenium.tests.ClassificationPageTest" time="4.339"/>
  <testcase name="testFifteenRedirect on testFifteenRedirect(com.qa.test.selenium.tests.ClassificationPageTest)" classname="com.qa.test.selenium.tests.ClassificationPageTest" time="4.374"/>
  <testcase name="testTwelveRedirect on testTwelveRedirect(com.qa.test.selenium.tests.ClassificationPageTest)" classname="com.qa.test.selenium.tests.ClassificationPageTest" time="4.303"/>
  <testcase name="testClassificationTitle on testClassificationTitle(com.qa.test.selenium.tests.ClassificationPageTest)" classname="com.qa.test.selenium.tests.ClassificationPageTest" time="0.277"/>
  <testcase name="testParentalRedirect on testParentalRedirect(com.qa.test.selenium.tests.ClassificationPageTest)" classname="com.qa.test.selenium.tests.ClassificationPageTest" time="4.143"/>
  <testcase name="testTBCRedirect on testTBCRedirect(com.qa.test.selenium.tests.ClassificationPageTest)" classname="com.qa.test.selenium.tests.ClassificationPageTest" time="4.292"/>
  <testcase name="detailsBookingClick on detailsBookingClick(com.qa.test.selenium.tests.DetailsPageTest)" classname="com.qa.test.selenium.tests.DetailsPageTest" time="0.915"/>
  <testcase name="detailsAgeRateClick on detailsAgeRateClick(com.qa.test.selenium.tests.DetailsPageTest)" classname="com.qa.test.selenium.tests.DetailsPageTest" time="0.414"/>
  <testcase name="detailsHDClick on detailsHDClick(com.qa.test.selenium.tests.DetailsPageTest)" classname="com.qa.test.selenium.tests.DetailsPageTest" time="0.954"/>
  <testcase name="FooterEmailLinkTest on FooterEmailLinkTest(com.qa.test.selenium.tests.FooterTest)" classname="com.qa.test.selenium.tests.FooterTest" time="2.552"/>
  <testcase name="FooterSecurityTest on FooterSecurityTest(com.qa.test.selenium.tests.FooterTest)" classname="com.qa.test.selenium.tests.FooterTest" time="2.204"/>
  <testcase name="FooterTermsTest on FooterTermsTest(com.qa.test.selenium.tests.FooterTest)" classname="com.qa.test.selenium.tests.FooterTest" time="2.445"/>
  <testcase name="FooterAboutTest on FooterAboutTest(com.qa.test.selenium.tests.FooterTest)" classname="com.qa.test.selenium.tests.FooterTest" time="2.677"/>
  <testcase name="FooterContactTest on FooterContactTest(com.qa.test.selenium.tests.FooterTest)" classname="com.qa.test.selenium.tests.FooterTest" time="2.324"/>
  <testcase name="FooterNumberLinkTest on FooterNumberLinkTest(com.qa.test.selenium.tests.FooterTest)" classname="com.qa.test.selenium.tests.FooterTest" time="2.281"/>
  <testcase name="FooterHomeTest on FooterHomeTest(com.qa.test.selenium.tests.FooterTest)" classname="com.qa.test.selenium.tests.FooterTest" time="4.088"/>
  <testcase name="FooterTwitterLinkTest on FooterTwitterLinkTest(com.qa.test.selenium.tests.FooterTest)" classname="com.qa.test.selenium.tests.FooterTest" time="3.31"/>
  <testcase name="FooterPrivacyTest on FooterPrivacyTest(com.qa.test.selenium.tests.FooterTest)" classname="com.qa.test.selenium.tests.FooterTest" time="2.791"/>
  <testcase name="inappropriateAlertUserName on inappropriateAlertUserName(com.qa.test.selenium.tests.ForumPageTest)" classname="com.qa.test.selenium.tests.ForumPageTest" time="4.771"/>
  <testcase name="inappropriateAlertComment on inappropriateAlertComment(com.qa.test.selenium.tests.ForumPageTest)" classname="com.qa.test.selenium.tests.ForumPageTest" time="4.394"/>
  <testcase name="postComment on postComment(com.qa.test.selenium.tests.ForumPageTest)" classname="com.qa.test.selenium.tests.ForumPageTest" time="5.462"/>
  <testcase name="readCommentAfterPost on readCommentAfterPost(com.qa.test.selenium.tests.ForumPageTest)" classname="com.qa.test.selenium.tests.ForumPageTest" time="5.476"/>
  <testcase name="testResetButtonPresent on testResetButtonPresent(com.qa.test.selenium.tests.GalleryPageTest)" classname="com.qa.test.selenium.tests.GalleryPageTest" time="5.499"/>
  <testcase name="FeaturedMovieAppearsTest on FeaturedMovieAppearsTest(com.qa.test.selenium.tests.HomePageTest)" classname="com.qa.test.selenium.tests.HomePageTest" time="5.405"/>
  <testcase name="featuredClassificationClick on featuredClassificationClick(com.qa.test.selenium.tests.HomePageTest)" classname="com.qa.test.selenium.tests.HomePageTest" time="5.294"/>
  <testcase name="ComingSoonClickTest on ComingSoonClickTest(com.qa.test.selenium.tests.HomePageTest)" classname="com.qa.test.selenium.tests.HomePageTest" time="5.57"/>
  <testcase name="SoonClassificationClick on SoonClassificationClick(com.qa.test.selenium.tests.HomePageTest)" classname="com.qa.test.selenium.tests.HomePageTest" time="5.422"/>
  <testcase name="featuredTitleClick on featuredTitleClick(com.qa.test.selenium.tests.HomePageTest)" classname="com.qa.test.selenium.tests.HomePageTest" time="5.427"/>
  <testcase name="FeaturedPlayClick on FeaturedPlayClick(com.qa.test.selenium.tests.HomePageTest)" classname="com.qa.test.selenium.tests.HomePageTest" time="5.355"/>
  <testcase name="ComingTitleClick on ComingTitleClick(com.qa.test.selenium.tests.HomePageTest)" classname="com.qa.test.selenium.tests.HomePageTest" time="5.609"/>
  <testcase name="ComingSoonAppearsTest on ComingSoonAppearsTest(com.qa.test.selenium.tests.HomePageTest)" classname="com.qa.test.selenium.tests.HomePageTest" time="5.359"/>
  <testcase name="ComingSoonBreadcrumbTest on ComingSoonBreadcrumbTest(com.qa.test.selenium.tests.MovieComingTest)" classname="com.qa.test.selenium.tests.MovieComingTest" time="8.032"/>
  <testcase name="comingSoonClickReset on comingSoonClickReset(com.qa.test.selenium.tests.MovieComingTest)" classname="com.qa.test.selenium.tests.MovieComingTest" time="5.112"/>
  <testcase name="comingSoonClickTitleTest on comingSoonClickTitleTest(com.qa.test.selenium.tests.MovieComingTest)" classname="com.qa.test.selenium.tests.MovieComingTest" time="5.214"/>
  <testcase name="comingSoonClickPlay on comingSoonClickPlay(com.qa.test.selenium.tests.MovieComingTest)" classname="com.qa.test.selenium.tests.MovieComingTest" time="5.226"/>
  <testcase name="showMoreClickTest on showMoreClickTest(com.qa.test.selenium.tests.MovieTest)" classname="com.qa.test.selenium.tests.MovieTest" time="5.679"/>
  <testcase name="ShowingBreadcrumbTest on ShowingBreadcrumbTest(com.qa.test.selenium.tests.MovieTest)" classname="com.qa.test.selenium.tests.MovieTest" time="5.418"/>
  <testcase name="expectedPlayClick on expectedPlayClick(com.qa.test.selenium.tests.MovieTest)" classname="com.qa.test.selenium.tests.MovieTest" time="5.34"/>
  <testcase name="showingTitleClick on showingTitleClick(com.qa.test.selenium.tests.MovieTest)" classname="com.qa.test.selenium.tests.MovieTest" time="5.432"/>
  <testcase name="showingPlayClick on showingPlayClick(com.qa.test.selenium.tests.MovieTest)" classname="com.qa.test.selenium.tests.MovieTest" time="5.329"/>
  <testcase name="testRelease on testRelease(com.qa.test.selenium.tests.MovieTest)" classname="com.qa.test.selenium.tests.MovieTest" time="5.762"/>
  <testcase name="expectedTitleClick on expectedTitleClick(com.qa.test.selenium.tests.MovieTest)" classname="com.qa.test.selenium.tests.MovieTest" time="5.442"/>
  <testcase name="expectedCertififClick on expectedCertififClick(com.qa.test.selenium.tests.MovieTest)" classname="com.qa.test.selenium.tests.MovieTest" time="5.407"/>
  <testcase name="testFilter on testFilter(com.qa.test.selenium.tests.MovieTest)" classname="com.qa.test.selenium.tests.MovieTest" time="5.528"/>
  <testcase name="showingCertififClick on showingCertififClick(com.qa.test.selenium.tests.MovieTest)" classname="com.qa.test.selenium.tests.MovieTest" time="5.376"/>
  <testcase name="testRating on testRating(com.qa.test.selenium.tests.MovieTest)" classname="com.qa.test.selenium.tests.MovieTest" time="5.557"/>
  <testcase name="testAboutNav on testAboutNav(com.qa.test.selenium.tests.NavBarPageTest)" classname="com.qa.test.selenium.tests.NavBarPageTest" time="2.578"/>
  <testcase name="testSearchNav on testSearchNav(com.qa.test.selenium.tests.NavBarPageTest)" classname="com.qa.test.selenium.tests.NavBarPageTest" time="1.389"/>
  <testcase name="testScreensNav on testScreensNav(com.qa.test.selenium.tests.NavBarPageTest)" classname="com.qa.test.selenium.tests.NavBarPageTest" time="2.512"/>
  <testcase name="testMoviesComingNav on testMoviesComingNav(com.qa.test.selenium.tests.NavBarPageTest)" classname="com.qa.test.selenium.tests.NavBarPageTest" time="2.136"/>
  <testcase name="testPlanningToDoNav on testPlanningToDoNav(com.qa.test.selenium.tests.NavBarPageTest)" classname="com.qa.test.selenium.tests.NavBarPageTest" time="2.546"/>
  <testcase name="testPlanningTripNav on testPlanningTripNav(com.qa.test.selenium.tests.NavBarPageTest)" classname="com.qa.test.selenium.tests.NavBarPageTest" time="3.003"/>
  <testcase name="testMoviesShowingNav on testMoviesShowingNav(com.qa.test.selenium.tests.NavBarPageTest)" classname="com.qa.test.selenium.tests.NavBarPageTest" time="2.249"/>
  <testcase name="testExtendedContact on testExtendedContact(com.qa.test.selenium.tests.NavBarPageTest)" classname="com.qa.test.selenium.tests.NavBarPageTest" time="1.976"/>
  <testcase name="testResetButton on testResetButton(com.qa.test.selenium.tests.SearchPageTest)" classname="com.qa.test.selenium.tests.SearchPageTest" time="5.769"/>
  <testcase name="testSearchNot1 on testSearchNot1(com.qa.test.selenium.tests.SearchPageTest)" classname="com.qa.test.selenium.tests.SearchPageTest" time="5.206"/>
  <testcase name="testGenre on testGenre(com.qa.test.selenium.tests.SearchPageTest)" classname="com.qa.test.selenium.tests.SearchPageTest" time="5.766"/>
  <testcase name="testMovieGalleryClassificationLink on testMovieGalleryClassificationLink(com.qa.test.selenium.tests.SearchPageTest)" classname="com.qa.test.selenium.tests.SearchPageTest" time="5.321"/>
  <testcase name="testShowMoreButton on testShowMoreButton(com.qa.test.selenium.tests.SearchPageTest)" classname="com.qa.test.selenium.tests.SearchPageTest" time="5.512"/>
  <testcase name="testMovieGalleryPlayButtonLink on testMovieGalleryPlayButtonLink(com.qa.test.selenium.tests.SearchPageTest)" classname="com.qa.test.selenium.tests.SearchPageTest" time="6.057"/>
  <testcase name="testFeatureMovieGalleryTitleLink on testFeatureMovieGalleryTitleLink(com.qa.test.selenium.tests.SearchPageTest)" classname="com.qa.test.selenium.tests.SearchPageTest" time="5.659"/>
  <testcase name="testRelease on testRelease(com.qa.test.selenium.tests.SearchPageTest)" classname="com.qa.test.selenium.tests.SearchPageTest" time="5.59"/>
  <testcase name="testFilter on testFilter(com.qa.test.selenium.tests.SearchPageTest)" classname="com.qa.test.selenium.tests.SearchPageTest" time="5.474"/>
  <testcase name="testSearch1 on testSearch1(com.qa.test.selenium.tests.SearchPageTest)" classname="com.qa.test.selenium.tests.SearchPageTest" time="5.889"/>
  <testcase name="testMovieGalleryTitleLink on testMovieGalleryTitleLink(com.qa.test.selenium.tests.SearchPageTest)" classname="com.qa.test.selenium.tests.SearchPageTest" time="5.49"/>
  <testcase name="testRating on testRating(com.qa.test.selenium.tests.SearchPageTest)" classname="com.qa.test.selenium.tests.SearchPageTest" time="5.48"/>
  <testcase name="findBookingByIDTest on findBookingByIDTest(com.qa.test.service.BookingServiceIntegrationTest)" classname="com.qa.test.service.BookingServiceIntegrationTest" time="0.005"/>
  <testcase name="deleteBookingTest on deleteBookingTest(com.qa.test.service.BookingServiceIntegrationTest)" classname="com.qa.test.service.BookingServiceIntegrationTest" time="0.002"/>
  <testcase name="readBookingsTest on readBookingsTest(com.qa.test.service.BookingServiceIntegrationTest)" classname="com.qa.test.service.BookingServiceIntegrationTest" time="0.002"/>
  <testcase name="updateBookingsTest on updateBookingsTest(com.qa.test.service.BookingServiceIntegrationTest)" classname="com.qa.test.service.BookingServiceIntegrationTest" time="0.004"/>
  <testcase name="createBookingTest on createBookingTest(com.qa.test.service.BookingServiceIntegrationTest)" classname="com.qa.test.service.BookingServiceIntegrationTest" time="0.002"/>
  <testcase name="findBookingByIDTest on findBookingByIDTest(com.qa.test.service.BookingServiceUnitTest)" classname="com.qa.test.service.BookingServiceUnitTest" time="0.001"/>
  <testcase name="deleteBookingTest on deleteBookingTest(com.qa.test.service.BookingServiceUnitTest)" classname="com.qa.test.service.BookingServiceUnitTest" time="0.003"/>
  <testcase name="readBookingsTest on readBookingsTest(com.qa.test.service.BookingServiceUnitTest)" classname="com.qa.test.service.BookingServiceUnitTest" time="0.002"/>
  <testcase name="updateBookingsTest on updateBookingsTest(com.qa.test.service.BookingServiceUnitTest)" classname="com.qa.test.service.BookingServiceUnitTest" time="0.004"/>
  <testcase name="createBookingTest on createBookingTest(com.qa.test.service.BookingServiceUnitTest)" classname="com.qa.test.service.BookingServiceUnitTest" time="0.003"/>
  <testcase name="testDeleteComment on testDeleteComment(com.qa.test.service.CommentServiceIntegrationTest)" classname="com.qa.test.service.CommentServiceIntegrationTest" time="0.079"/>
  <testcase name="testReadComments on testReadComments(com.qa.test.service.CommentServiceIntegrationTest)" classname="com.qa.test.service.CommentServiceIntegrationTest" time="0.016"/>
  <testcase name="testFindCommentByID on testFindCommentByID(com.qa.test.service.CommentServiceIntegrationTest)" classname="com.qa.test.service.CommentServiceIntegrationTest" time="0.007"/>
  <testcase name="testCreateComment on testCreateComment(com.qa.test.service.CommentServiceIntegrationTest)" classname="com.qa.test.service.CommentServiceIntegrationTest" time="0.007"/>
  <testcase name="testUpdateComment on testUpdateComment(com.qa.test.service.CommentServiceIntegrationTest)" classname="com.qa.test.service.CommentServiceIntegrationTest" time="0.006"/>
  <testcase name="deleteCommentTest on deleteCommentTest(com.qa.test.service.CommentServiceUnitTest)" classname="com.qa.test.service.CommentServiceUnitTest" time="0.002"/>
  <testcase name="createCommentTest on createCommentTest(com.qa.test.service.CommentServiceUnitTest)" classname="com.qa.test.service.CommentServiceUnitTest" time="0.001"/>
  <testcase name="findCommentByIDTest on findCommentByIDTest(com.qa.test.service.CommentServiceUnitTest)" classname="com.qa.test.service.CommentServiceUnitTest" time="0.001"/>
  <testcase name="readCommentsTest on readCommentsTest(com.qa.test.service.CommentServiceUnitTest)" classname="com.qa.test.service.CommentServiceUnitTest" time="0.003"/>
  <testcase name="updateCommentsTest on updateCommentsTest(com.qa.test.service.CommentServiceUnitTest)" classname="com.qa.test.service.CommentServiceUnitTest" time="0.002"/>
  <testcase name="testDeleteMovie on testDeleteMovie(com.qa.test.service.MovieServiceIntegrationTest)" classname="com.qa.test.service.MovieServiceIntegrationTest" time="0.02"/>
  <testcase name="testReadMovies on testReadMovies(com.qa.test.service.MovieServiceIntegrationTest)" classname="com.qa.test.service.MovieServiceIntegrationTest" time="0.006"/>
  <testcase name="testUpdateMovie on testUpdateMovie(com.qa.test.service.MovieServiceIntegrationTest)" classname="com.qa.test.service.MovieServiceIntegrationTest" time="0.006"/>
  <testcase name="testCreateMovie on testCreateMovie(com.qa.test.service.MovieServiceIntegrationTest)" classname="com.qa.test.service.MovieServiceIntegrationTest" time="0.006"/>
  <testcase name="testFindMovieByID on testFindMovieByID(com.qa.test.service.MovieServiceIntegrationTest)" classname="com.qa.test.service.MovieServiceIntegrationTest" time="0.006"/>
  <testcase name="readMoviesTest on readMoviesTest(com.qa.test.service.MovieServiceUnitTest)" classname="com.qa.test.service.MovieServiceUnitTest" time="0.002"/>
  <testcase name="createMovieTest on createMovieTest(com.qa.test.service.MovieServiceUnitTest)" classname="com.qa.test.service.MovieServiceUnitTest" time="0.002"/>
  <testcase name="findMovieByIDTest on findMovieByIDTest(com.qa.test.service.MovieServiceUnitTest)" classname="com.qa.test.service.MovieServiceUnitTest" time="0.002"/>
  <testcase name="updateMoviesTest on updateMoviesTest(com.qa.test.service.MovieServiceUnitTest)" classname="com.qa.test.service.MovieServiceUnitTest" time="0.003"/>
  <testcase name="deleteMovieTest on deleteMovieTest(com.qa.test.service.MovieServiceUnitTest)" classname="com.qa.test.service.MovieServiceUnitTest" time="0.003"/>
  <testcase name="testReadShowTimes on testReadShowTimes(com.qa.test.service.ShowTimeServiceIntegrationTest)" classname="com.qa.test.service.ShowTimeServiceIntegrationTest" time="0.027"/>
  <testcase name="testUpdateShowTime on testUpdateShowTime(com.qa.test.service.ShowTimeServiceIntegrationTest)" classname="com.qa.test.service.ShowTimeServiceIntegrationTest" time="0.01"/>
  <testcase name="testCreateShowTime on testCreateShowTime(com.qa.test.service.ShowTimeServiceIntegrationTest)" classname="com.qa.test.service.ShowTimeServiceIntegrationTest" time="0.004"/>
  <testcase name="testFindShowTimeByID on testFindShowTimeByID(com.qa.test.service.ShowTimeServiceIntegrationTest)" classname="com.qa.test.service.ShowTimeServiceIntegrationTest" time="0.004"/>
  <testcase name="testDeleteShowTime on testDeleteShowTime(com.qa.test.service.ShowTimeServiceIntegrationTest)" classname="com.qa.test.service.ShowTimeServiceIntegrationTest" time="0.011"/>
  <testcase name="createShowTimeTest on createShowTimeTest(com.qa.test.service.ShowTimeServiceUnitTest)" classname="com.qa.test.service.ShowTimeServiceUnitTest" time="0.005"/>
  <testcase name="updateShowTimesTest on updateShowTimesTest(com.qa.test.service.ShowTimeServiceUnitTest)" classname="com.qa.test.service.ShowTimeServiceUnitTest" time="0.003"/>
  <testcase name="deleteShowTimeTest on deleteShowTimeTest(com.qa.test.service.ShowTimeServiceUnitTest)" classname="com.qa.test.service.ShowTimeServiceUnitTest" time="0.003"/>
  <testcase name="readShowTimesTest on readShowTimesTest(com.qa.test.service.ShowTimeServiceUnitTest)" classname="com.qa.test.service.ShowTimeServiceUnitTest" time="0.005"/>
  <testcase name="findShowTimeByIDTest on findShowTimeByIDTest(com.qa.test.service.ShowTimeServiceUnitTest)" classname="com.qa.test.service.ShowTimeServiceUnitTest" time="0.004"/>
</testsuite>