<?xml version="1.0" encoding="UTF-8"?>
<!-- Generated by org.testng.reporters.JUnitReportReporter -->
<testsuite skipped="0" hostname="DESKTOP-JIC27MP" name="com.qa.test.service.ShowTimeServiceIntegrationTest" tests="5" failures="0" timestamp="05 Jun 2020 08:17:31 GMT" time="0.223" errors="0">
  <testcase name="testReadShowTimes" time="0.030" classname="com.qa.test.service.ShowTimeServiceIntegrationTest"/>
  <testcase name="testCreateShowTime" time="0.044" classname="com.qa.test.service.ShowTimeServiceIntegrationTest"/>
  <testcase name="testUpdateShowTime" time="0.040" classname="com.qa.test.service.ShowTimeServiceIntegrationTest"/>
  <testcase name="testFindShowTimeByID" time="0.049" classname="com.qa.test.service.ShowTimeServiceIntegrationTest"/>
  <testcase name="testDeleteShowTime" time="0.060" classname="com.qa.test.service.ShowTimeServiceIntegrationTest"/>
</testsuite> <!-- com.qa.test.service.ShowTimeServiceIntegrationTest -->
