<?xml version="1.0" encoding="UTF-8"?>
<!-- Generated by org.testng.reporters.JUnitReportReporter -->
<testsuite skipped="0" hostname="DESKTOP-JIC27MP" name="com.qa.test.service.BookingServiceIntegrationTest" tests="5" failures="0" timestamp="05 Jun 2020 08:17:31 GMT" time="0.867" errors="0">
  <testcase name="createBookingTest" time="0.180" classname="com.qa.test.service.BookingServiceIntegrationTest"/>
  <testcase name="readBookingsTest" time="0.173" classname="com.qa.test.service.BookingServiceIntegrationTest"/>
  <testcase name="updateBookingsTest" time="0.177" classname="com.qa.test.service.BookingServiceIntegrationTest"/>
  <testcase name="deleteBookingTest" time="0.170" classname="com.qa.test.service.BookingServiceIntegrationTest"/>
  <testcase name="findBookingByIDTest" time="0.167" classname="com.qa.test.service.BookingServiceIntegrationTest"/>
</testsuite> <!-- com.qa.test.service.BookingServiceIntegrationTest -->
