<?xml version="1.0" encoding="UTF-8"?>
<!-- Generated by org.testng.reporters.JUnitReportReporter -->
<testsuite skipped="0" hostname="DESKTOP-JIC27MP" name="com.qa.test.dto.EmailDTOTest" tests="24" failures="0" timestamp="05 Jun 2020 08:17:30 GMT" time="0.267" errors="0">
  <testcase name="nullIdOnBoth" time="0.016" classname="com.qa.test.dto.EmailDTOTest"/>
  <testcase name="otherIdDifferent" time="0.016" classname="com.qa.test.dto.EmailDTOTest"/>
  <testcase name="nullUsername" time="0.016" classname="com.qa.test.dto.EmailDTOTest"/>
  <testcase name="nullSubject" time="0.017" classname="com.qa.test.dto.EmailDTOTest"/>
  <testcase name="nullUsernameOnBoth" time="0.002" classname="com.qa.test.dto.EmailDTOTest"/>
  <testcase name="checkEquality" time="0.002" classname="com.qa.test.dto.EmailDTOTest"/>
  <testcase name="nullEmailOnBoth" time="0.001" classname="com.qa.test.dto.EmailDTOTest"/>
  <testcase name="checkEqualityBetweenDifferentObjects" time="0.002" classname="com.qa.test.dto.EmailDTOTest"/>
  <testcase name="otherBodyDifferent" time="0.001" classname="com.qa.test.dto.EmailDTOTest"/>
  <testcase name="hashCodeTest" time="0.016" classname="com.qa.test.dto.EmailDTOTest"/>
  <testcase name="equalsWithNull" time="0.014" classname="com.qa.test.dto.EmailDTOTest"/>
  <testcase name="createEmailDTOWithId" time="0.016" classname="com.qa.test.dto.EmailDTOTest"/>
  <testcase name="nullBodyOnBoth" time="0.001" classname="com.qa.test.dto.EmailDTOTest"/>
  <testcase name="nullSubjectOnBoth" time="0.017" classname="com.qa.test.dto.EmailDTOTest"/>
  <testcase name="equalsWithDifferentObject" time="0.017" classname="com.qa.test.dto.EmailDTOTest"/>
  <testcase name="otherEmailDifferent" time="0.016" classname="com.qa.test.dto.EmailDTOTest"/>
  <testcase name="hashCodeTestWithNull" time="0.016" classname="com.qa.test.dto.EmailDTOTest"/>
  <testcase name="otherSubjectDifferent" time="0.016" classname="com.qa.test.dto.EmailDTOTest"/>
  <testcase name="nullEmail" time="0.016" classname="com.qa.test.dto.EmailDTOTest"/>
  <testcase name="constructorWithoutId" time="0.001" classname="com.qa.test.dto.EmailDTOTest"/>
  <testcase name="otherUsernameDifferent" time="0.016" classname="com.qa.test.dto.EmailDTOTest"/>
  <testcase name="nullId" time="0.014" classname="com.qa.test.dto.EmailDTOTest"/>
  <testcase name="nullBody" time="0.001" classname="com.qa.test.dto.EmailDTOTest"/>
  <testcase name="settersTest" time="0.017" classname="com.qa.test.dto.EmailDTOTest"/>
</testsuite> <!-- com.qa.test.dto.EmailDTOTest -->
