<?xml version="1.0" encoding="UTF-8"?>
<!-- Generated by org.testng.reporters.JUnitReportReporter -->
<testsuite skipped="0" hostname="DESKTOP-JIC27MP" name="com.qa.test.service.BookingServiceUnitTest" tests="5" failures="0" timestamp="05 Jun 2020 08:17:30 GMT" time="0.053" errors="0">
  <testcase name="deleteBookingTest" time="0.007" classname="com.qa.test.service.BookingServiceUnitTest"/>
  <testcase name="findBookingByIDTest" time="0.004" classname="com.qa.test.service.BookingServiceUnitTest"/>
  <testcase name="readBookingsTest" time="0.010" classname="com.qa.test.service.BookingServiceUnitTest"/>
  <testcase name="createBookingTest" time="0.018" classname="com.qa.test.service.BookingServiceUnitTest"/>
  <testcase name="updateBookingsTest" time="0.014" classname="com.qa.test.service.BookingServiceUnitTest"/>
</testsuite> <!-- com.qa.test.service.BookingServiceUnitTest -->
