<?xml version="1.0" encoding="UTF-8"?>
<!-- Generated by org.testng.reporters.JUnitReportReporter -->
<testsuite skipped="0" hostname="DESKTOP-JIC27MP" name="com.qa.test.service.MovieServiceIntegrationTest" tests="5" failures="0" timestamp="05 Jun 2020 08:17:30 GMT" time="0.193" errors="0">
  <testcase name="testDeleteMovie" time="0.025" classname="com.qa.test.service.MovieServiceIntegrationTest"/>
  <testcase name="testCreateMovie" time="0.045" classname="com.qa.test.service.MovieServiceIntegrationTest"/>
  <testcase name="testReadMovies" time="0.032" classname="com.qa.test.service.MovieServiceIntegrationTest"/>
  <testcase name="testUpdateMovie" time="0.039" classname="com.qa.test.service.MovieServiceIntegrationTest"/>
  <testcase name="testFindMovieByID" time="0.052" classname="com.qa.test.service.MovieServiceIntegrationTest"/>
</testsuite> <!-- com.qa.test.service.MovieServiceIntegrationTest -->
