<?xml version="1.0" encoding="UTF-8"?>
<!-- Generated by org.testng.reporters.JUnitReportReporter -->
<testsuite skipped="0" hostname="DESKTOP-JIC27MP" name="com.qa.test.selenium.tests.ClassificationPageTest" tests="7" failures="0" timestamp="05 Jun 2020 08:17:30 GMT" time="145.322" errors="0">
  <testcase name="testParentalRedirect" time="26.980" classname="com.qa.test.selenium.tests.ClassificationPageTest"/>
  <testcase name="testEighteenRedirect" time="9.540" classname="com.qa.test.selenium.tests.ClassificationPageTest"/>
  <testcase name="testFifteenRedirect" time="18.255" classname="com.qa.test.selenium.tests.ClassificationPageTest"/>
  <testcase name="testTwelveRedirect" time="22.559" classname="com.qa.test.selenium.tests.ClassificationPageTest"/>
  <testcase name="testTBCRedirect" time="31.272" classname="com.qa.test.selenium.tests.ClassificationPageTest"/>
  <testcase name="testUniversalRedirect" time="13.880" classname="com.qa.test.selenium.tests.ClassificationPageTest"/>
  <testcase name="testClassificationTitle" time="22.836" classname="com.qa.test.selenium.tests.ClassificationPageTest"/>
</testsuite> <!-- com.qa.test.selenium.tests.ClassificationPageTest -->
