<?xml version="1.0" encoding="UTF-8"?>
<!-- Generated by org.testng.reporters.JUnitReportReporter -->
<testsuite skipped="0" hostname="DESKTOP-JIC27MP" name="com.qa.test.domain.CommentTest" tests="24" failures="0" timestamp="05 Jun 2020 08:17:31 GMT" time="0.044" errors="0">
  <testcase name="otherMovieTitleDifferent" time="0.002" classname="com.qa.test.domain.CommentTest"/>
  <testcase name="createCommentWithId" time="0.002" classname="com.qa.test.domain.CommentTest"/>
  <testcase name="otherCommentDifferent" time="0.001" classname="com.qa.test.domain.CommentTest"/>
  <testcase name="equalsWithDifferentObject" time="0.002" classname="com.qa.test.domain.CommentTest"/>
  <testcase name="checkEqualityBetweenDifferentObjectsNullName" time="0.001" classname="com.qa.test.domain.CommentTest"/>
  <testcase name="constructorWithoutId" time="0.001" classname="com.qa.test.domain.CommentTest"/>
  <testcase name="checkEquality" time="0.002" classname="com.qa.test.domain.CommentTest"/>
  <testcase name="otherIdDifferent" time="0.003" classname="com.qa.test.domain.CommentTest"/>
  <testcase name="hashCodeTestWithNull" time="0.002" classname="com.qa.test.domain.CommentTest"/>
  <testcase name="settersTest" time="0.002" classname="com.qa.test.domain.CommentTest"/>
  <testcase name="equalsWithNull" time="0.002" classname="com.qa.test.domain.CommentTest"/>
  <testcase name="commentNameNullButOtherNameNotNull" time="0.002" classname="com.qa.test.domain.CommentTest"/>
  <testcase name="nullMovieTitleOnBoth" time="0.002" classname="com.qa.test.domain.CommentTest"/>
  <testcase name="nullCommentOnBoth" time="0.002" classname="com.qa.test.domain.CommentTest"/>
  <testcase name="nullIdOnBoth" time="0.002" classname="com.qa.test.domain.CommentTest"/>
  <testcase name="checkEqualityBetweenDifferentObjects" time="0.001" classname="com.qa.test.domain.CommentTest"/>
  <testcase name="otherRatingDifferent" time="0.002" classname="com.qa.test.domain.CommentTest"/>
  <testcase name="nullRatingOnBoth" time="0.002" classname="com.qa.test.domain.CommentTest"/>
  <testcase name="hashCodeTest" time="0.002" classname="com.qa.test.domain.CommentTest"/>
  <testcase name="nullMovieTitle" time="0.002" classname="com.qa.test.domain.CommentTest"/>
  <testcase name="commentNamesNotEqual" time="0.002" classname="com.qa.test.domain.CommentTest"/>
  <testcase name="nullRating" time="0.002" classname="com.qa.test.domain.CommentTest"/>
  <testcase name="nullComment" time="0.001" classname="com.qa.test.domain.CommentTest"/>
  <testcase name="nullId" time="0.002" classname="com.qa.test.domain.CommentTest"/>
</testsuite> <!-- com.qa.test.domain.CommentTest -->
