<?xml version="1.0" encoding="UTF-8"?>
<!-- Generated by org.testng.reporters.JUnitReportReporter -->
<testsuite skipped="0" hostname="DESKTOP-JIC27MP" name="com.qa.test.dto.ShowTimeDTOTest" tests="15" failures="0" timestamp="05 Jun 2020 08:17:30 GMT" time="0.014" errors="0">
  <testcase name="nullId" time="0.001" classname="com.qa.test.dto.ShowTimeDTOTest"/>
  <testcase name="createShowTimeDTOWithId" time="0.001" classname="com.qa.test.dto.ShowTimeDTOTest"/>
  <testcase name="showTimeDTOTimesNotEqual" time="0.000" classname="com.qa.test.dto.ShowTimeDTOTest"/>
  <testcase name="hashCodeTestWithNull" time="0.002" classname="com.qa.test.dto.ShowTimeDTOTest"/>
  <testcase name="hashCodeTest" time="0.001" classname="com.qa.test.dto.ShowTimeDTOTest"/>
  <testcase name="settersTest" time="0.001" classname="com.qa.test.dto.ShowTimeDTOTest"/>
  <testcase name="checkEquality" time="0.001" classname="com.qa.test.dto.ShowTimeDTOTest"/>
  <testcase name="constructorWithoutId" time="0.000" classname="com.qa.test.dto.ShowTimeDTOTest"/>
  <testcase name="nullIdOnBoth" time="0.001" classname="com.qa.test.dto.ShowTimeDTOTest"/>
  <testcase name="equalsWithNull" time="0.001" classname="com.qa.test.dto.ShowTimeDTOTest"/>
  <testcase name="checkEqualityBetweenDifferentObjectsNullTimes" time="0.001" classname="com.qa.test.dto.ShowTimeDTOTest"/>
  <testcase name="equalsWithDifferentObject" time="0.001" classname="com.qa.test.dto.ShowTimeDTOTest"/>
  <testcase name="checkEqualityBetweenDifferentObjects" time="0.000" classname="com.qa.test.dto.ShowTimeDTOTest"/>
  <testcase name="otherIdDifferent" time="0.002" classname="com.qa.test.dto.ShowTimeDTOTest"/>
  <testcase name="showTimeDTOTimeNullButOtherNameNotNull" time="0.001" classname="com.qa.test.dto.ShowTimeDTOTest"/>
</testsuite> <!-- com.qa.test.dto.ShowTimeDTOTest -->
