<?xml version="1.0" encoding="UTF-8"?>
<!-- Generated by org.testng.reporters.JUnitReportReporter -->
<testsuite skipped="0" hostname="DESKTOP-JIC27MP" name="com.qa.test.selenium.tests.NavBarPageTest" tests="8" failures="0" timestamp="05 Jun 2020 08:17:30 GMT" time="122.500" errors="0">
  <testcase name="testScreensNav" time="11.570" classname="com.qa.test.selenium.tests.NavBarPageTest"/>
  <testcase name="testMoviesShowingNav" time="21.506" classname="com.qa.test.selenium.tests.NavBarPageTest"/>
  <testcase name="testSearchNav" time="9.058" classname="com.qa.test.selenium.tests.NavBarPageTest"/>
  <testcase name="testAboutNav" time="7.668" classname="com.qa.test.selenium.tests.NavBarPageTest"/>
  <testcase name="testMoviesComingNav" time="13.707" classname="com.qa.test.selenium.tests.NavBarPageTest"/>
  <testcase name="testExtendedContact" time="23.482" classname="com.qa.test.selenium.tests.NavBarPageTest"/>
  <testcase name="testPlanningToDoNav" time="16.253" classname="com.qa.test.selenium.tests.NavBarPageTest"/>
  <testcase name="testPlanningTripNav" time="19.256" classname="com.qa.test.selenium.tests.NavBarPageTest"/>
</testsuite> <!-- com.qa.test.selenium.tests.NavBarPageTest -->
