<?xml version="1.0" encoding="UTF-8"?>
<!-- Generated by org.testng.reporters.JUnitReportReporter -->
<testsuite skipped="0" hostname="DESKTOP-JIC27MP" name="com.qa.test.domain.BookingTest" tests="39" failures="0" timestamp="05 Jun 2020 08:17:31 GMT" time="0.156" errors="0">
  <testcase name="nullAdultNr" time="0.005" classname="com.qa.test.domain.BookingTest"/>
  <testcase name="constructorWithoutId" time="0.002" classname="com.qa.test.domain.BookingTest"/>
  <testcase name="otherChildNrDifferent" time="0.004" classname="com.qa.test.domain.BookingTest"/>
  <testcase name="checkEquality" time="0.003" classname="com.qa.test.domain.BookingTest"/>
  <testcase name="nullAdultNrOnBoth" time="0.002" classname="com.qa.test.domain.BookingTest"/>
  <testcase name="equalsWithNull" time="0.003" classname="com.qa.test.domain.BookingTest"/>
  <testcase name="checkEqualityBetweenDifferentObjects" time="0.003" classname="com.qa.test.domain.BookingTest"/>
  <testcase name="nullPhoneNumberOnBoth" time="0.005" classname="com.qa.test.domain.BookingTest"/>
  <testcase name="hashCodeTest" time="0.005" classname="com.qa.test.domain.BookingTest"/>
  <testcase name="nullStudentNrOnBoth" time="0.002" classname="com.qa.test.domain.BookingTest"/>
  <testcase name="otherEmailDifferent" time="0.005" classname="com.qa.test.domain.BookingTest"/>
  <testcase name="hashCodeTestWithNull" time="0.006" classname="com.qa.test.domain.BookingTest"/>
  <testcase name="nullDateTime" time="0.006" classname="com.qa.test.domain.BookingTest"/>
  <testcase name="nullTotalPrice" time="0.006" classname="com.qa.test.domain.BookingTest"/>
  <testcase name="otherMovieDifferent" time="0.004" classname="com.qa.test.domain.BookingTest"/>
  <testcase name="otherStudentNrDifferent" time="0.003" classname="com.qa.test.domain.BookingTest"/>
  <testcase name="nullChildNrOnBoth" time="0.005" classname="com.qa.test.domain.BookingTest"/>
  <testcase name="nullIdOnBoth" time="0.003" classname="com.qa.test.domain.BookingTest"/>
  <testcase name="otherTotalPriceDifferent" time="0.004" classname="com.qa.test.domain.BookingTest"/>
  <testcase name="nullEmail" time="0.005" classname="com.qa.test.domain.BookingTest"/>
  <testcase name="nullId" time="0.003" classname="com.qa.test.domain.BookingTest"/>
  <testcase name="equalsWithDifferentObject" time="0.005" classname="com.qa.test.domain.BookingTest"/>
  <testcase name="nullDateTimeOnBoth" time="0.002" classname="com.qa.test.domain.BookingTest"/>
  <testcase name="otherAdultNrDifferent" time="0.004" classname="com.qa.test.domain.BookingTest"/>
  <testcase name="nullPhoneNumber" time="0.004" classname="com.qa.test.domain.BookingTest"/>
  <testcase name="createBookingWithId" time="0.004" classname="com.qa.test.domain.BookingTest"/>
  <testcase name="nullTotalPriceOnBoth" time="0.004" classname="com.qa.test.domain.BookingTest"/>
  <testcase name="settersTest" time="0.005" classname="com.qa.test.domain.BookingTest"/>
  <testcase name="nullEmailOnBoth" time="0.002" classname="com.qa.test.domain.BookingTest"/>
  <testcase name="otherPhoneNumberDifferent" time="0.002" classname="com.qa.test.domain.BookingTest"/>
  <testcase name="nullMovieOnBoth" time="0.003" classname="com.qa.test.domain.BookingTest"/>
  <testcase name="nullMovieName" time="0.002" classname="com.qa.test.domain.BookingTest"/>
  <testcase name="nullStudentNr" time="0.004" classname="com.qa.test.domain.BookingTest"/>
  <testcase name="otherIdDifferent" time="0.006" classname="com.qa.test.domain.BookingTest"/>
  <testcase name="nullChildNr" time="0.002" classname="com.qa.test.domain.BookingTest"/>
  <testcase name="otherMovieNameDifferent" time="0.006" classname="com.qa.test.domain.BookingTest"/>
  <testcase name="otherDateTimeDifferent" time="0.006" classname="com.qa.test.domain.BookingTest"/>
  <testcase name="nullMovieNameOnBoth" time="0.006" classname="com.qa.test.domain.BookingTest"/>
  <testcase name="nullMovie" time="0.005" classname="com.qa.test.domain.BookingTest"/>
</testsuite> <!-- com.qa.test.domain.BookingTest -->
