<?xml version="1.0" encoding="UTF-8"?>
<!-- Generated by org.testng.reporters.JUnitReportReporter -->
<testsuite skipped="0" hostname="DESKTOP-JIC27MP" name="com.qa.test.selenium.tests.GalleryPageTest" tests="1" failures="0" timestamp="05 Jun 2020 08:17:31 GMT" time="10.617" errors="0">
  <testcase name="testResetButtonPresent" time="10.617" classname="com.qa.test.selenium.tests.GalleryPageTest"/>
</testsuite> <!-- com.qa.test.selenium.tests.GalleryPageTest -->
