<?xml version="1.0" encoding="UTF-8"?>
<!-- Generated by org.testng.reporters.JUnitReportReporter -->
<testsuite skipped="0" hostname="DESKTOP-JIC27MP" name="com.qa.test.domain.ResponseTest" tests="9" failures="0" timestamp="05 Jun 2020 08:17:31 GMT" time="0.006" errors="0">
  <testcase name="otherStatusDifferent" time="0.001" classname="com.qa.test.domain.ResponseTest"/>
  <testcase name="ResponseStatusNotEqual" time="0.001" classname="com.qa.test.domain.ResponseTest"/>
  <testcase name="equalsWithNull" time="0.000" classname="com.qa.test.domain.ResponseTest"/>
  <testcase name="settersTest" time="0.001" classname="com.qa.test.domain.ResponseTest"/>
  <testcase name="otherDetailsDifferent" time="0.001" classname="com.qa.test.domain.ResponseTest"/>
  <testcase name="ResponseDetailsNullButOtherDetailsNotNull" time="0.001" classname="com.qa.test.domain.ResponseTest"/>
  <testcase name="checkEquality" time="0.000" classname="com.qa.test.domain.ResponseTest"/>
  <testcase name="nullDetails" time="0.000" classname="com.qa.test.domain.ResponseTest"/>
  <testcase name="equalsWithDifferentObject" time="0.001" classname="com.qa.test.domain.ResponseTest"/>
</testsuite> <!-- com.qa.test.domain.ResponseTest -->
