<?xml version="1.0" encoding="UTF-8"?>
<!-- Generated by org.testng.reporters.JUnitReportReporter -->
<testsuite skipped="0" hostname="DESKTOP-JIC27MP" name="com.qa.test.selenium.tests.HomePageTest" tests="8" failures="0" timestamp="05 Jun 2020 08:17:31 GMT" time="235.945" errors="0">
  <testcase name="FeaturedMovieAppearsTest" time="10.498" classname="com.qa.test.selenium.tests.HomePageTest"/>
  <testcase name="ComingSoonAppearsTest" time="48.540" classname="com.qa.test.selenium.tests.HomePageTest"/>
  <testcase name="featuredClassificationClick" time="15.793" classname="com.qa.test.selenium.tests.HomePageTest"/>
  <testcase name="FeaturedPlayClick" time="37.570" classname="com.qa.test.selenium.tests.HomePageTest"/>
  <testcase name="ComingSoonClickTest" time="21.363" classname="com.qa.test.selenium.tests.HomePageTest"/>
  <testcase name="ComingTitleClick" time="43.181" classname="com.qa.test.selenium.tests.HomePageTest"/>
  <testcase name="featuredTitleClick" time="32.214" classname="com.qa.test.selenium.tests.HomePageTest"/>
  <testcase name="SoonClassificationClick" time="26.786" classname="com.qa.test.selenium.tests.HomePageTest"/>
</testsuite> <!-- com.qa.test.selenium.tests.HomePageTest -->
