<?xml version="1.0" encoding="UTF-8"?>
<!-- Generated by org.testng.reporters.JUnitReportReporter -->
<testsuite skipped="0" hostname="DESKTOP-JIC27MP" name="com.qa.test.controller.MovieControllerUnitTest" tests="5" failures="0" timestamp="05 Jun 2020 08:17:30 GMT" time="0.135" errors="0">
  <testcase name="getAllMoviesTest" time="0.027" classname="com.qa.test.controller.MovieControllerUnitTest"/>
  <testcase name="findMovieByIDTest" time="0.025" classname="com.qa.test.controller.MovieControllerUnitTest"/>
  <testcase name="createMovieTest" time="0.023" classname="com.qa.test.controller.MovieControllerUnitTest"/>
  <testcase name="updateMoviesTest" time="0.029" classname="com.qa.test.controller.MovieControllerUnitTest"/>
  <testcase name="deleteMovieTest" time="0.031" classname="com.qa.test.controller.MovieControllerUnitTest"/>
</testsuite> <!-- com.qa.test.controller.MovieControllerUnitTest -->
