<?xml version="1.0" encoding="UTF-8"?>
<!-- Generated by org.testng.reporters.JUnitReportReporter -->
<testsuite skipped="0" hostname="DESKTOP-JIC27MP" name="com.qa.test.domain.MovieTest" tests="23" failures="0" timestamp="05 Jun 2020 08:17:30 GMT" time="0.066" errors="0">
  <testcase name="equalsWithDifferentObject" time="0.003" classname="com.qa.test.domain.MovieTest"/>
  <testcase name="checkEqualityBetweenDifferentObjects" time="0.002" classname="com.qa.test.domain.MovieTest"/>
  <testcase name="nullRatingOnBoth" time="0.003" classname="com.qa.test.domain.MovieTest"/>
  <testcase name="NullApiID" time="0.003" classname="com.qa.test.domain.MovieTest"/>
  <testcase name="nullApiIDOnBoth" time="0.004" classname="com.qa.test.domain.MovieTest"/>
  <testcase name="otherApiIDDifferent" time="0.002" classname="com.qa.test.domain.MovieTest"/>
  <testcase name="NullRating" time="0.003" classname="com.qa.test.domain.MovieTest"/>
  <testcase name="hashCodeTest" time="0.003" classname="com.qa.test.domain.MovieTest"/>
  <testcase name="checkEquality" time="0.002" classname="com.qa.test.domain.MovieTest"/>
  <testcase name="settersTest" time="0.003" classname="com.qa.test.domain.MovieTest"/>
  <testcase name="otherIdDifferent" time="0.004" classname="com.qa.test.domain.MovieTest"/>
  <testcase name="NullStatus" time="0.003" classname="com.qa.test.domain.MovieTest"/>
  <testcase name="equalsWithNull" time="0.003" classname="com.qa.test.domain.MovieTest"/>
  <testcase name="nullId" time="0.003" classname="com.qa.test.domain.MovieTest"/>
  <testcase name="checkEqualityBetweenDifferentObjectsNullName" time="0.002" classname="com.qa.test.domain.MovieTest"/>
  <testcase name="otherRatingDifferent" time="0.003" classname="com.qa.test.domain.MovieTest"/>
  <testcase name="movieNamesNotEqual" time="0.002" classname="com.qa.test.domain.MovieTest"/>
  <testcase name="nullIdOnBoth" time="0.003" classname="com.qa.test.domain.MovieTest"/>
  <testcase name="nullStatusOnBoth" time="0.004" classname="com.qa.test.domain.MovieTest"/>
  <testcase name="hashCodeTestWithNull" time="0.004" classname="com.qa.test.domain.MovieTest"/>
  <testcase name="otherStatusDifferent" time="0.002" classname="com.qa.test.domain.MovieTest"/>
  <testcase name="createMovieWithId" time="0.003" classname="com.qa.test.domain.MovieTest"/>
  <testcase name="constructorWithoutId" time="0.002" classname="com.qa.test.domain.MovieTest"/>
</testsuite> <!-- com.qa.test.domain.MovieTest -->
