<?xml version="1.0" encoding="UTF-8"?>
<!-- Generated by org.testng.reporters.JUnitReportReporter -->
<testsuite skipped="0" hostname="DESKTOP-JIC27MP" name="com.qa.test.dto.MovieDTOTest" tests="15" failures="0" timestamp="05 Jun 2020 08:17:30 GMT" time="0.021" errors="0">
  <testcase name="equalsWithDifferentObject" time="0.001" classname="com.qa.test.dto.MovieDTOTest"/>
  <testcase name="constructorWithoutId" time="0.001" classname="com.qa.test.dto.MovieDTOTest"/>
  <testcase name="hashCodeTest" time="0.002" classname="com.qa.test.dto.MovieDTOTest"/>
  <testcase name="nullIdOnBoth" time="0.001" classname="com.qa.test.dto.MovieDTOTest"/>
  <testcase name="movieDTONamesNotEqual" time="0.002" classname="com.qa.test.dto.MovieDTOTest"/>
  <testcase name="createMovieDTOWithId" time="0.001" classname="com.qa.test.dto.MovieDTOTest"/>
  <testcase name="checkEquality" time="0.001" classname="com.qa.test.dto.MovieDTOTest"/>
  <testcase name="nullId" time="0.001" classname="com.qa.test.dto.MovieDTOTest"/>
  <testcase name="checkEqualityBetweenDifferentObjects" time="0.001" classname="com.qa.test.dto.MovieDTOTest"/>
  <testcase name="movieDTONameNullButOtherNameNotNull" time="0.002" classname="com.qa.test.dto.MovieDTOTest"/>
  <testcase name="equalsWithNull" time="0.001" classname="com.qa.test.dto.MovieDTOTest"/>
  <testcase name="checkEqualityBetweenDifferentObjectsNullName" time="0.001" classname="com.qa.test.dto.MovieDTOTest"/>
  <testcase name="hashCodeTestWithNull" time="0.002" classname="com.qa.test.dto.MovieDTOTest"/>
  <testcase name="otherIdDifferent" time="0.002" classname="com.qa.test.dto.MovieDTOTest"/>
  <testcase name="settersTest" time="0.002" classname="com.qa.test.dto.MovieDTOTest"/>
</testsuite> <!-- com.qa.test.dto.MovieDTOTest -->
