<?xml version="1.0" encoding="UTF-8"?>
<!-- Generated by org.testng.reporters.JUnitReportReporter -->
<testsuite skipped="0" hostname="DESKTOP-JIC27MP" name="com.qa.test.selenium.tests.DetailsPageTest" tests="3" failures="0" timestamp="05 Jun 2020 08:17:31 GMT" time="19.830" errors="0">
  <testcase name="detailsBookingClick" time="6.015" classname="com.qa.test.selenium.tests.DetailsPageTest"/>
  <testcase name="detailsHDClick" time="7.385" classname="com.qa.test.selenium.tests.DetailsPageTest"/>
  <testcase name="detailsAgeRateClick" time="6.430" classname="com.qa.test.selenium.tests.DetailsPageTest"/>
</testsuite> <!-- com.qa.test.selenium.tests.DetailsPageTest -->
