<?xml version="1.0" encoding="UTF-8"?>
<!-- Generated by org.testng.reporters.JUnitReportReporter -->
<testsuite skipped="0" hostname="DESKTOP-JIC27MP" name="com.qa.test.controller.CommentControllerUnitTest" tests="5" failures="0" timestamp="05 Jun 2020 08:17:30 GMT" time="0.133" errors="0">
  <testcase name="createCommentTest" time="0.025" classname="com.qa.test.controller.CommentControllerUnitTest"/>
  <testcase name="findCommentByIDTest" time="0.027" classname="com.qa.test.controller.CommentControllerUnitTest"/>
  <testcase name="deleteCommentTest" time="0.024" classname="com.qa.test.controller.CommentControllerUnitTest"/>
  <testcase name="getAllCommentsTest" time="0.029" classname="com.qa.test.controller.CommentControllerUnitTest"/>
  <testcase name="updateCommentsTest" time="0.028" classname="com.qa.test.controller.CommentControllerUnitTest"/>
</testsuite> <!-- com.qa.test.controller.CommentControllerUnitTest -->
