<?xml version="1.0" encoding="UTF-8"?>
<!-- Generated by org.testng.reporters.JUnitReportReporter -->
<testsuite skipped="0" hostname="DESKTOP-JIC27MP" name="com.qa.test.dto.BookingDTOTest" tests="39" failures="0" timestamp="05 Jun 2020 08:17:30 GMT" time="0.162" errors="0">
  <testcase name="nullMovieName" time="0.002" classname="com.qa.test.dto.BookingDTOTest"/>
  <testcase name="settersTest" time="0.005" classname="com.qa.test.dto.BookingDTOTest"/>
  <testcase name="nullStudentNrOnBoth" time="0.003" classname="com.qa.test.dto.BookingDTOTest"/>
  <testcase name="nullTotalPriceOnBoth" time="0.005" classname="com.qa.test.dto.BookingDTOTest"/>
  <testcase name="nullPhoneNumberOnBoth" time="0.005" classname="com.qa.test.dto.BookingDTOTest"/>
  <testcase name="nullEmailAddress" time="0.003" classname="com.qa.test.dto.BookingDTOTest"/>
  <testcase name="otherTotalPriceDifferent" time="0.004" classname="com.qa.test.dto.BookingDTOTest"/>
  <testcase name="nullDateTimeOnBoth" time="0.002" classname="com.qa.test.dto.BookingDTOTest"/>
  <testcase name="checkEqualityBetweenDifferentObjects" time="0.003" classname="com.qa.test.dto.BookingDTOTest"/>
  <testcase name="nullCustomerNameOnBoth" time="0.006" classname="com.qa.test.dto.BookingDTOTest"/>
  <testcase name="otherEmailAddressDifferent" time="0.005" classname="com.qa.test.dto.BookingDTOTest"/>
  <testcase name="nullAdultNr" time="0.005" classname="com.qa.test.dto.BookingDTOTest"/>
  <testcase name="nullCustomerName" time="0.004" classname="com.qa.test.dto.BookingDTOTest"/>
  <testcase name="nullId" time="0.003" classname="com.qa.test.dto.BookingDTOTest"/>
  <testcase name="otherMovieNameDifferent" time="0.005" classname="com.qa.test.dto.BookingDTOTest"/>
  <testcase name="nullPhoneNumber" time="0.004" classname="com.qa.test.dto.BookingDTOTest"/>
  <testcase name="nullChildNr" time="0.003" classname="com.qa.test.dto.BookingDTOTest"/>
  <testcase name="nullStudentNr" time="0.004" classname="com.qa.test.dto.BookingDTOTest"/>
  <testcase name="checkEquality" time="0.003" classname="com.qa.test.dto.BookingDTOTest"/>
  <testcase name="hashCodeTestWithNull" time="0.005" classname="com.qa.test.dto.BookingDTOTest"/>
  <testcase name="nullAdultNrOnBoth" time="0.002" classname="com.qa.test.dto.BookingDTOTest"/>
  <testcase name="nullEmailAddressOnBoth" time="0.004" classname="com.qa.test.dto.BookingDTOTest"/>
  <testcase name="nullTotalPrice" time="0.006" classname="com.qa.test.dto.BookingDTOTest"/>
  <testcase name="otherIdDifferent" time="0.006" classname="com.qa.test.dto.BookingDTOTest"/>
  <testcase name="otherAdultNrDifferent" time="0.005" classname="com.qa.test.dto.BookingDTOTest"/>
  <testcase name="nullMovieNameOnBoth" time="0.006" classname="com.qa.test.dto.BookingDTOTest"/>
  <testcase name="nullDateTime" time="0.005" classname="com.qa.test.dto.BookingDTOTest"/>
  <testcase name="nullIdOnBoth" time="0.003" classname="com.qa.test.dto.BookingDTOTest"/>
  <testcase name="otherStudentNrDifferent" time="0.003" classname="com.qa.test.dto.BookingDTOTest"/>
  <testcase name="equalsWithNull" time="0.003" classname="com.qa.test.dto.BookingDTOTest"/>
  <testcase name="otherPhoneNumberDifferent" time="0.003" classname="com.qa.test.dto.BookingDTOTest"/>
  <testcase name="equalsWithDifferentObject" time="0.005" classname="com.qa.test.dto.BookingDTOTest"/>
  <testcase name="otherChildNrDifferent" time="0.004" classname="com.qa.test.dto.BookingDTOTest"/>
  <testcase name="createBookingDTOWithId" time="0.005" classname="com.qa.test.dto.BookingDTOTest"/>
  <testcase name="nullChildNrOnBoth" time="0.005" classname="com.qa.test.dto.BookingDTOTest"/>
  <testcase name="otherDateTimeDifferent" time="0.006" classname="com.qa.test.dto.BookingDTOTest"/>
  <testcase name="otherCustomerNameDifferent" time="0.005" classname="com.qa.test.dto.BookingDTOTest"/>
  <testcase name="constructorWithoutId" time="0.002" classname="com.qa.test.dto.BookingDTOTest"/>
  <testcase name="hashCodeTest" time="0.005" classname="com.qa.test.dto.BookingDTOTest"/>
</testsuite> <!-- com.qa.test.dto.BookingDTOTest -->
