<?xml version="1.0" encoding="UTF-8"?>
<!-- Generated by org.testng.reporters.JUnitReportReporter -->
<testsuite skipped="0" hostname="DESKTOP-JIC27MP" name="com.qa.test.controller.ShowTimeControllerIntegrationTest" tests="4" failures="0" timestamp="05 Jun 2020 08:17:31 GMT" time="0.310" errors="0">
  <testcase name="testGetAllShowTimes" time="0.082" classname="com.qa.test.controller.ShowTimeControllerIntegrationTest"/>
  <testcase name="testCreateShowTime" time="0.072" classname="com.qa.test.controller.ShowTimeControllerIntegrationTest"/>
  <testcase name="testUpdateShowTime" time="0.061" classname="com.qa.test.controller.ShowTimeControllerIntegrationTest"/>
  <testcase name="testDeleteShowTime" time="0.095" classname="com.qa.test.controller.ShowTimeControllerIntegrationTest"/>
</testsuite> <!-- com.qa.test.controller.ShowTimeControllerIntegrationTest -->
