<?xml version="1.0" encoding="UTF-8"?>
<!-- Generated by org.testng.reporters.JUnitReportReporter -->
<testsuite skipped="0" hostname="DESKTOP-JIC27MP" name="com.qa.test.selenium.tests.BookingTest" tests="1" failures="0" timestamp="05 Jun 2020 08:17:30 GMT" time="19.482" errors="0">
  <testcase name="makeBooking" time="19.482" classname="com.qa.test.selenium.tests.BookingTest"/>
</testsuite> <!-- com.qa.test.selenium.tests.BookingTest -->
