<?xml version="1.0" encoding="UTF-8"?>
<!-- Generated by org.testng.reporters.JUnitReportReporter -->
<testsuite skipped="0" hostname="DESKTOP-JIC27MP" name="com.qa.test.selenium.tests.FooterTest" tests="9" failures="0" timestamp="05 Jun 2020 08:17:31 GMT" time="162.190" errors="0">
  <testcase name="FooterContactTest" time="17.312" classname="com.qa.test.selenium.tests.FooterTest"/>
  <testcase name="FooterEmailLinkTest" time="7.660" classname="com.qa.test.selenium.tests.FooterTest"/>
  <testcase name="FooterHomeTest" time="23.683" classname="com.qa.test.selenium.tests.FooterTest"/>
  <testcase name="FooterNumberLinkTest" time="19.594" classname="com.qa.test.selenium.tests.FooterTest"/>
  <testcase name="FooterTwitterLinkTest" time="26.994" classname="com.qa.test.selenium.tests.FooterTest"/>
  <testcase name="FooterTermsTest" time="12.310" classname="com.qa.test.selenium.tests.FooterTest"/>
  <testcase name="FooterPrivacyTest" time="29.785" classname="com.qa.test.selenium.tests.FooterTest"/>
  <testcase name="FooterSecurityTest" time="9.864" classname="com.qa.test.selenium.tests.FooterTest"/>
  <testcase name="FooterAboutTest" time="14.988" classname="com.qa.test.selenium.tests.FooterTest"/>
</testsuite> <!-- com.qa.test.selenium.tests.FooterTest -->
