<?xml version="1.0" encoding="UTF-8"?>
<!-- Generated by org.testng.reporters.JUnitReportReporter -->
<testsuite skipped="0" hostname="DESKTOP-JIC27MP" name="com.qa.test.controller.CommentControllerIntegrationTest" tests="4" failures="0" timestamp="05 Jun 2020 08:17:30 GMT" time="0.153" errors="0">
  <testcase name="testDeleteComment" time="0.021" classname="com.qa.test.controller.CommentControllerIntegrationTest"/>
  <testcase name="testCreateComment" time="0.033" classname="com.qa.test.controller.CommentControllerIntegrationTest"/>
  <testcase name="testGetAllComments" time="0.054" classname="com.qa.test.controller.CommentControllerIntegrationTest"/>
  <testcase name="testUpdateComment" time="0.045" classname="com.qa.test.controller.CommentControllerIntegrationTest"/>
</testsuite> <!-- com.qa.test.controller.CommentControllerIntegrationTest -->
