<?xml version="1.0" encoding="UTF-8"?>
<!-- Generated by org.testng.reporters.JUnitReportReporter -->
<testsuite skipped="0" hostname="DESKTOP-JIC27MP" name="com.qa.test.service.MovieServiceUnitTest" tests="5" failures="0" timestamp="05 Jun 2020 08:17:30 GMT" time="0.176" errors="0">
  <testcase name="createMovieTest" time="0.032" classname="com.qa.test.service.MovieServiceUnitTest"/>
  <testcase name="updateMoviesTest" time="0.038" classname="com.qa.test.service.MovieServiceUnitTest"/>
  <testcase name="readMoviesTest" time="0.029" classname="com.qa.test.service.MovieServiceUnitTest"/>
  <testcase name="findMovieByIDTest" time="0.035" classname="com.qa.test.service.MovieServiceUnitTest"/>
  <testcase name="deleteMovieTest" time="0.042" classname="com.qa.test.service.MovieServiceUnitTest"/>
</testsuite> <!-- com.qa.test.service.MovieServiceUnitTest -->
