<?xml version="1.0" encoding="UTF-8"?>
<!-- Generated by org.testng.reporters.JUnitReportReporter -->
<testsuite skipped="0" hostname="DESKTOP-JIC27MP" name="com.qa.test.selenium.tests.ForumPageTest" tests="4" failures="0" timestamp="05 Jun 2020 08:17:30 GMT" time="69.068" errors="0">
  <testcase name="inappropriateAlertUserName" time="9.870" classname="com.qa.test.selenium.tests.ForumPageTest"/>
  <testcase name="inappropriateAlertComment" time="14.265" classname="com.qa.test.selenium.tests.ForumPageTest"/>
  <testcase name="readCommentAfterPost" time="25.205" classname="com.qa.test.selenium.tests.ForumPageTest"/>
  <testcase name="postComment" time="19.728" classname="com.qa.test.selenium.tests.ForumPageTest"/>
</testsuite> <!-- com.qa.test.selenium.tests.ForumPageTest -->
