<?xml version="1.0" encoding="UTF-8"?>
<!-- Generated by org.testng.reporters.JUnitReportReporter -->
<testsuite skipped="0" hostname="DESKTOP-JIC27MP" name="com.qa.test.controller.BookingControllerUnitTest" tests="5" failures="0" timestamp="05 Jun 2020 08:17:31 GMT" time="0.762" errors="0">
  <testcase name="getAllBookingsTest" time="0.160" classname="com.qa.test.controller.BookingControllerUnitTest"/>
  <testcase name="updateBookingsTest" time="0.152" classname="com.qa.test.controller.BookingControllerUnitTest"/>
  <testcase name="findBookingByIDTest" time="0.145" classname="com.qa.test.controller.BookingControllerUnitTest"/>
  <testcase name="deleteBookingTest" time="0.149" classname="com.qa.test.controller.BookingControllerUnitTest"/>
  <testcase name="createBookingTest" time="0.156" classname="com.qa.test.controller.BookingControllerUnitTest"/>
</testsuite> <!-- com.qa.test.controller.BookingControllerUnitTest -->
