<?xml version="1.0" encoding="UTF-8"?>
<!-- Generated by org.testng.reporters.JUnitReportReporter -->
<testsuite skipped="0" hostname="DESKTOP-JIC27MP" name="com.qa.test.controller.ShowTimeControllerUnitTest" tests="5" failures="0" timestamp="05 Jun 2020 08:17:31 GMT" time="0.101" errors="0">
  <testcase name="deleteShowTimeTest" time="0.020" classname="com.qa.test.controller.ShowTimeControllerUnitTest"/>
  <testcase name="updateShowTimesTest" time="0.019" classname="com.qa.test.controller.ShowTimeControllerUnitTest"/>
  <testcase name="getAllShowTimesTest" time="0.021" classname="com.qa.test.controller.ShowTimeControllerUnitTest"/>
  <testcase name="findShowTimeByIDTest" time="0.023" classname="com.qa.test.controller.ShowTimeControllerUnitTest"/>
  <testcase name="createShowTimeTest" time="0.018" classname="com.qa.test.controller.ShowTimeControllerUnitTest"/>
</testsuite> <!-- com.qa.test.controller.ShowTimeControllerUnitTest -->
