<?xml version="1.0" encoding="UTF-8"?>
<!-- Generated by org.testng.reporters.JUnitReportReporter -->
<testsuite skipped="0" hostname="DESKTOP-JIC27MP" name="com.qa.test.selenium.tests.MovieTest" tests="11" failures="0" timestamp="05 Jun 2020 08:17:31 GMT" time="417.767" errors="0">
  <testcase name="showingPlayClick" time="32.289" classname="com.qa.test.selenium.tests.MovieTest"/>
  <testcase name="testRating" time="65.364" classname="com.qa.test.selenium.tests.MovieTest"/>
  <testcase name="showMoreClickTest" time="10.764" classname="com.qa.test.selenium.tests.MovieTest"/>
  <testcase name="expectedPlayClick" time="21.526" classname="com.qa.test.selenium.tests.MovieTest"/>
  <testcase name="expectedTitleClick" time="43.494" classname="com.qa.test.selenium.tests.MovieTest"/>
  <testcase name="showingCertififClick" time="59.806" classname="com.qa.test.selenium.tests.MovieTest"/>
  <testcase name="showingTitleClick" time="26.959" classname="com.qa.test.selenium.tests.MovieTest"/>
  <testcase name="ShowingBreadcrumbTest" time="16.182" classname="com.qa.test.selenium.tests.MovieTest"/>
  <testcase name="expectedCertififClick" time="48.902" classname="com.qa.test.selenium.tests.MovieTest"/>
  <testcase name="testFilter" time="54.429" classname="com.qa.test.selenium.tests.MovieTest"/>
  <testcase name="testRelease" time="38.052" classname="com.qa.test.selenium.tests.MovieTest"/>
</testsuite> <!-- com.qa.test.selenium.tests.MovieTest -->
