<?xml version="1.0" encoding="UTF-8"?>
<!-- Generated by org.testng.reporters.JUnitReportReporter -->
<testsuite skipped="0" hostname="DESKTOP-JIC27MP" name="com.qa.test.selenium.tests.MovieComingTest" tests="4" failures="0" timestamp="05 Jun 2020 08:17:31 GMT" time="83.469" errors="0">
  <testcase name="comingSoonClickReset" time="18.232" classname="com.qa.test.selenium.tests.MovieComingTest"/>
  <testcase name="comingSoonClickTitleTest" time="23.446" classname="com.qa.test.selenium.tests.MovieComingTest"/>
  <testcase name="ComingSoonBreadcrumbTest" time="13.119" classname="com.qa.test.selenium.tests.MovieComingTest"/>
  <testcase name="comingSoonClickPlay" time="28.672" classname="com.qa.test.selenium.tests.MovieComingTest"/>
</testsuite> <!-- com.qa.test.selenium.tests.MovieComingTest -->
