<?xml version="1.0" encoding="UTF-8"?>
<!-- Generated by org.testng.reporters.JUnitReportReporter -->
<testsuite skipped="0" hostname="DESKTOP-JIC27MP" name="com.qa.test.controller.MovieControllerIntegrationTest" tests="5" failures="0" timestamp="05 Jun 2020 08:17:30 GMT" time="6.925" errors="0">
  <testcase name="testUpdateMovie" time="1.388" classname="com.qa.test.controller.MovieControllerIntegrationTest"/>
  <testcase name="testGetMovie" time="1.371" classname="com.qa.test.controller.MovieControllerIntegrationTest"/>
  <testcase name="testDeleteMovie" time="1.352" classname="com.qa.test.controller.MovieControllerIntegrationTest"/>
  <testcase name="testGetAllMovies" time="1.414" classname="com.qa.test.controller.MovieControllerIntegrationTest"/>
  <testcase name="testCreateMovie" time="1.400" classname="com.qa.test.controller.MovieControllerIntegrationTest"/>
</testsuite> <!-- com.qa.test.controller.MovieControllerIntegrationTest -->
