<?xml version="1.0" encoding="UTF-8"?>
<!-- Generated by org.testng.reporters.JUnitReportReporter -->
<testsuite skipped="0" hostname="DESKTOP-JIC27MP" name="com.qa.test.controller.BookingControllerIntegrationTest" tests="4" failures="0" timestamp="05 Jun 2020 08:17:31 GMT" time="29.692" errors="0">
  <testcase name="testUpdateBooking" time="7.443" classname="com.qa.test.controller.BookingControllerIntegrationTest"/>
  <testcase name="testCreateBooking" time="7.355" classname="com.qa.test.controller.BookingControllerIntegrationTest"/>
  <testcase name="testDeleteBooking" time="7.502" classname="com.qa.test.controller.BookingControllerIntegrationTest"/>
  <testcase name="testGetAllBookings" time="7.392" classname="com.qa.test.controller.BookingControllerIntegrationTest"/>
</testsuite> <!-- com.qa.test.controller.BookingControllerIntegrationTest -->
