<?xml version="1.0" encoding="UTF-8"?>
<!-- Generated by org.testng.reporters.JUnitReportReporter -->
<testsuite skipped="0" hostname="DESKTOP-JIC27MP" name="com.qa.test.domain.ShowTimeTest" tests="18" failures="0" timestamp="05 Jun 2020 08:17:31 GMT" time="0.022" errors="0">
  <testcase name="otherTimeDifferent" time="0.002" classname="com.qa.test.domain.ShowTimeTest"/>
  <testcase name="nullIdOnBoth" time="0.001" classname="com.qa.test.domain.ShowTimeTest"/>
  <testcase name="createShowTimeWithId" time="0.001" classname="com.qa.test.domain.ShowTimeTest"/>
  <testcase name="checkEquality" time="0.001" classname="com.qa.test.domain.ShowTimeTest"/>
  <testcase name="constructorWithoutId" time="0.000" classname="com.qa.test.domain.ShowTimeTest"/>
  <testcase name="hashCodeTestWithNull" time="0.002" classname="com.qa.test.domain.ShowTimeTest"/>
  <testcase name="showTimeTimeNullButOtherNameNotNull" time="0.001" classname="com.qa.test.domain.ShowTimeTest"/>
  <testcase name="nullTime" time="0.001" classname="com.qa.test.domain.ShowTimeTest"/>
  <testcase name="equalsWithDifferentObject" time="0.001" classname="com.qa.test.domain.ShowTimeTest"/>
  <testcase name="nullId" time="0.001" classname="com.qa.test.domain.ShowTimeTest"/>
  <testcase name="otherIdDifferent" time="0.003" classname="com.qa.test.domain.ShowTimeTest"/>
  <testcase name="checkEqualityBetweenDifferentObjectsNullTimes" time="0.002" classname="com.qa.test.domain.ShowTimeTest"/>
  <testcase name="showTimeTimesNotEqual" time="0.001" classname="com.qa.test.domain.ShowTimeTest"/>
  <testcase name="checkEqualityBetweenDifferentObjects" time="0.000" classname="com.qa.test.domain.ShowTimeTest"/>
  <testcase name="equalsWithNull" time="0.001" classname="com.qa.test.domain.ShowTimeTest"/>
  <testcase name="nullTimeOnBoth" time="0.001" classname="com.qa.test.domain.ShowTimeTest"/>
  <testcase name="hashCodeTest" time="0.002" classname="com.qa.test.domain.ShowTimeTest"/>
  <testcase name="settersTest" time="0.001" classname="com.qa.test.domain.ShowTimeTest"/>
</testsuite> <!-- com.qa.test.domain.ShowTimeTest -->
