<?xml version="1.0" encoding="UTF-8"?>
<!-- Generated by org.testng.reporters.JUnitReportReporter -->
<testsuite skipped="0" hostname="DESKTOP-JIC27MP" name="com.qa.test.service.CommentServiceIntegrationTest" tests="5" failures="0" timestamp="05 Jun 2020 08:17:30 GMT" time="5.622" errors="0">
  <testcase name="testCreateComment" time="1.134" classname="com.qa.test.service.CommentServiceIntegrationTest"/>
  <testcase name="testDeleteComment" time="1.102" classname="com.qa.test.service.CommentServiceIntegrationTest"/>
  <testcase name="testFindCommentByID" time="1.127" classname="com.qa.test.service.CommentServiceIntegrationTest"/>
  <testcase name="testReadComments" time="1.119" classname="com.qa.test.service.CommentServiceIntegrationTest"/>
  <testcase name="testUpdateComment" time="1.140" classname="com.qa.test.service.CommentServiceIntegrationTest"/>
</testsuite> <!-- com.qa.test.service.CommentServiceIntegrationTest -->
