<?xml version="1.0" encoding="UTF-8"?>
<!-- Generated by org.testng.reporters.JUnitReportReporter -->
<testsuite skipped="0" hostname="DESKTOP-JIC27MP" name="com.qa.test.domain.EmailTest" tests="23" failures="0" timestamp="05 Jun 2020 08:17:30 GMT" time="0.054" errors="0">
  <testcase name="nullId" time="0.001" classname="com.qa.test.domain.EmailTest"/>
  <testcase name="checkEquality" time="0.001" classname="com.qa.test.domain.EmailTest"/>
  <testcase name="createEmailWithId" time="0.002" classname="com.qa.test.domain.EmailTest"/>
  <testcase name="otherEmailDifferent" time="0.004" classname="com.qa.test.domain.EmailTest"/>
  <testcase name="settersTest" time="0.003" classname="com.qa.test.domain.EmailTest"/>
  <testcase name="nullSubjectOnBoth" time="0.003" classname="com.qa.test.domain.EmailTest"/>
  <testcase name="nullBodyOnBoth" time="0.001" classname="com.qa.test.domain.EmailTest"/>
  <testcase name="otherSubjectDifferent" time="0.002" classname="com.qa.test.domain.EmailTest"/>
  <testcase name="equalsWithDifferentObject" time="0.003" classname="com.qa.test.domain.EmailTest"/>
  <testcase name="constructorWithoutId" time="0.002" classname="com.qa.test.domain.EmailTest"/>
  <testcase name="nullIdOnBoth" time="0.001" classname="com.qa.test.domain.EmailTest"/>
  <testcase name="otherUsernameDifferent" time="0.002" classname="com.qa.test.domain.EmailTest"/>
  <testcase name="hashCodeTest" time="0.004" classname="com.qa.test.domain.EmailTest"/>
  <testcase name="nullSubject" time="0.002" classname="com.qa.test.domain.EmailTest"/>
  <testcase name="hashCodeTestWithNull" time="0.004" classname="com.qa.test.domain.EmailTest"/>
  <testcase name="nulEmailOnBoth" time="0.002" classname="com.qa.test.domain.EmailTest"/>
  <testcase name="otherBodyDifferent" time="0.002" classname="com.qa.test.domain.EmailTest"/>
  <testcase name="checkEqualityBetweenDifferentObjects" time="0.002" classname="com.qa.test.domain.EmailTest"/>
  <testcase name="otherIdDifferent" time="0.004" classname="com.qa.test.domain.EmailTest"/>
  <testcase name="nullUsernameOnBoth" time="0.002" classname="com.qa.test.domain.EmailTest"/>
  <testcase name="nullBody" time="0.001" classname="com.qa.test.domain.EmailTest"/>
  <testcase name="nullUsername" time="0.002" classname="com.qa.test.domain.EmailTest"/>
  <testcase name="nullEmail" time="0.004" classname="com.qa.test.domain.EmailTest"/>
</testsuite> <!-- com.qa.test.domain.EmailTest -->
