<?xml version="1.0" encoding="UTF-8"?>
<!-- Generated by org.testng.reporters.JUnitReportReporter -->
<testsuite skipped="0" hostname="DESKTOP-JIC27MP" name="com.qa.test.service.CommentServiceUnitTest" tests="5" failures="0" timestamp="05 Jun 2020 08:17:31 GMT" time="0.186" errors="0">
  <testcase name="findCommentByIDTest" time="0.037" classname="com.qa.test.service.CommentServiceUnitTest"/>
  <testcase name="readCommentsTest" time="0.039" classname="com.qa.test.service.CommentServiceUnitTest"/>
  <testcase name="deleteCommentTest" time="0.033" classname="com.qa.test.service.CommentServiceUnitTest"/>
  <testcase name="updateCommentsTest" time="0.042" classname="com.qa.test.service.CommentServiceUnitTest"/>
  <testcase name="createCommentTest" time="0.035" classname="com.qa.test.service.CommentServiceUnitTest"/>
</testsuite> <!-- com.qa.test.service.CommentServiceUnitTest -->
