<?xml version="1.0" encoding="UTF-8"?>
<!-- Generated by org.testng.reporters.JUnitReportReporter -->
<testsuite skipped="0" hostname="DESKTOP-JIC27MP" name="com.qa.test.service.ShowTimeServiceUnitTest" tests="5" failures="0" timestamp="05 Jun 2020 08:17:30 GMT" time="0.220" errors="0">
  <testcase name="findShowTimeByIDTest" time="0.054" classname="com.qa.test.service.ShowTimeServiceUnitTest"/>
  <testcase name="readShowTimesTest" time="0.049" classname="com.qa.test.service.ShowTimeServiceUnitTest"/>
  <testcase name="createShowTimeTest" time="0.035" classname="com.qa.test.service.ShowTimeServiceUnitTest"/>
  <testcase name="updateShowTimesTest" time="0.039" classname="com.qa.test.service.ShowTimeServiceUnitTest"/>
  <testcase name="deleteShowTimeTest" time="0.043" classname="com.qa.test.service.ShowTimeServiceUnitTest"/>
</testsuite> <!-- com.qa.test.service.ShowTimeServiceUnitTest -->
