<?xml version="1.0" encoding="UTF-8"?>
<!-- Generated by org.testng.reporters.JUnitReportReporter -->
<testsuite skipped="0" hostname="DESKTOP-JIC27MP" name="com.qa.test.selenium.tests.SearchPageTest" tests="12" failures="0" timestamp="05 Jun 2020 08:17:31 GMT" time="497.916" errors="0">
  <testcase name="testFilter" time="55.476" classname="com.qa.test.selenium.tests.SearchPageTest"/>
  <testcase name="testSearch1" time="61.366" classname="com.qa.test.selenium.tests.SearchPageTest"/>
  <testcase name="testShowMoreButton" time="32.695" classname="com.qa.test.selenium.tests.SearchPageTest"/>
  <testcase name="testRating" time="72.336" classname="com.qa.test.selenium.tests.SearchPageTest"/>
  <testcase name="testGenre" time="21.861" classname="com.qa.test.selenium.tests.SearchPageTest"/>
  <testcase name="testResetButton" time="10.888" classname="com.qa.test.selenium.tests.SearchPageTest"/>
  <testcase name="testSearchNot1" time="16.094" classname="com.qa.test.selenium.tests.SearchPageTest"/>
  <testcase name="testMovieGalleryClassificationLink" time="27.182" classname="com.qa.test.selenium.tests.SearchPageTest"/>
  <testcase name="testRelease" time="50.001" classname="com.qa.test.selenium.tests.SearchPageTest"/>
  <testcase name="testFeatureMovieGalleryTitleLink" time="44.410" classname="com.qa.test.selenium.tests.SearchPageTest"/>
  <testcase name="testMovieGalleryPlayButtonLink" time="38.751" classname="com.qa.test.selenium.tests.SearchPageTest"/>
  <testcase name="testMovieGalleryTitleLink" time="66.856" classname="com.qa.test.selenium.tests.SearchPageTest"/>
</testsuite> <!-- com.qa.test.selenium.tests.SearchPageTest -->
